{"/home/travis/build/npmtest/node-npmtest-array/test.js":{"path":"/home/travis/build/npmtest/node-npmtest-array/test.js","s":{"1":2,"2":2,"3":2,"4":2,"5":2,"6":2,"7":2,"8":1,"9":2,"10":2,"11":1,"12":1,"13":1,"14":1,"15":2,"16":2,"17":2,"18":2,"19":1,"20":1,"21":2,"22":2,"23":2,"24":1,"25":1,"26":1,"27":1,"28":1,"29":1,"30":1,"31":1,"32":1,"33":1,"34":1,"35":1,"36":1,"37":2,"38":2,"39":1,"40":2,"41":2,"42":1,"43":2,"44":2,"45":1,"46":2,"47":2,"48":1,"49":1,"50":1,"51":1,"52":1},"b":{"1":[2,1,1,1],"2":[1,1,1,1],"3":[1,1],"4":[1,1],"5":[1,1],"6":[1,1],"7":[1,1],"8":[1,1],"9":[1,1,1],"10":[1,1],"11":[1,1],"12":[1,1],"13":[1,1],"14":[1,1],"15":[1,1],"16":[1,1]},"f":{"1":2,"2":2,"3":2,"4":2,"5":2,"6":1,"7":1,"8":2,"9":2,"10":2,"11":2,"12":1},"fnMap":{"1":{"name":"(anonymous_1)","line":12,"loc":{"start":{"line":12,"column":1},"end":{"line":12,"column":13}}},"2":{"name":"(anonymous_2)","line":19,"loc":{"start":{"line":19,"column":5},"end":{"line":19,"column":17}}},"3":{"name":"(anonymous_3)","line":23,"loc":{"start":{"line":23,"column":24},"end":{"line":23,"column":36}}},"4":{"name":"(anonymous_4)","line":61,"loc":{"start":{"line":61,"column":5},"end":{"line":61,"column":17}}},"5":{"name":"(anonymous_5)","line":82,"loc":{"start":{"line":82,"column":5},"end":{"line":82,"column":17}}},"6":{"name":"(anonymous_6)","line":102,"loc":{"start":{"line":102,"column":83},"end":{"line":105,"column":10}},"skip":true},"7":{"name":"(anonymous_7)","line":113,"loc":{"start":{"line":113,"column":77},"end":{"line":116,"column":10}},"skip":true},"8":{"name":"(anonymous_8)","line":129,"loc":{"start":{"line":129,"column":12},"end":{"line":129,"column":40}},"skip":true},"9":{"name":"(anonymous_9)","line":137,"loc":{"start":{"line":137,"column":77},"end":{"line":140,"column":10}},"skip":true},"10":{"name":"(anonymous_10)","line":148,"loc":{"start":{"line":148,"column":83},"end":{"line":151,"column":10}},"skip":true},"11":{"name":"(anonymous_11)","line":159,"loc":{"start":{"line":159,"column":79},"end":{"line":162,"column":10}},"skip":true},"12":{"name":"(anonymous_12)","line":170,"loc":{"start":{"line":170,"column":75},"end":{"line":173,"column":10}},"skip":true}},"statementMap":{"1":{"start":{"line":12,"column":0},"end":{"line":185,"column":5}},"2":{"start":{"line":14,"column":4},"end":{"line":14,"column":14}},"3":{"start":{"line":19,"column":4},"end":{"line":56,"column":9}},"4":{"start":{"line":21,"column":8},"end":{"line":21,"column":19}},"5":{"start":{"line":23,"column":8},"end":{"line":35,"column":13}},"6":{"start":{"line":24,"column":12},"end":{"line":34,"column":13}},"7":{"start":{"line":25,"column":16},"end":{"line":28,"column":30}},"8":{"start":{"line":30,"column":16},"end":{"line":33,"column":27}},"9":{"start":{"line":37,"column":8},"end":{"line":39,"column":21}},"10":{"start":{"line":40,"column":8},"end":{"line":53,"column":9}},"11":{"start":{"line":43,"column":12},"end":{"line":46,"column":14}},"12":{"start":{"line":47,"column":12},"end":{"line":47,"column":18}},"13":{"start":{"line":50,"column":12},"end":{"line":51,"column":46}},"14":{"start":{"line":52,"column":12},"end":{"line":52,"column":18}},"15":{"start":{"line":55,"column":8},"end":{"line":55,"column":35}},"16":{"start":{"line":61,"column":4},"end":{"line":63,"column":9}},"17":{"start":{"line":62,"column":8},"end":{"line":62,"column":15}},"18":{"start":{"line":64,"column":4},"end":{"line":77,"column":5}},"19":{"start":{"line":70,"column":8},"end":{"line":70,"column":14}},"20":{"start":{"line":76,"column":8},"end":{"line":76,"column":14}},"21":{"start":{"line":82,"column":4},"end":{"line":84,"column":9}},"22":{"start":{"line":83,"column":8},"end":{"line":83,"column":15}},"23":{"start":{"line":85,"column":4},"end":{"line":184,"column":5}},"24":{"start":{"line":92,"column":8},"end":{"line":94,"column":63}},"25":{"start":{"line":95,"column":8},"end":{"line":95,"column":14}},"26":{"start":{"line":102,"column":8},"end":{"line":111,"column":10},"skip":true},"27":{"start":{"line":109,"column":12},"end":{"line":109,"column":55},"skip":true},"28":{"start":{"line":110,"column":12},"end":{"line":110,"column":48},"skip":true},"29":{"start":{"line":113,"column":8},"end":{"line":126,"column":10},"skip":true},"30":{"start":{"line":120,"column":12},"end":{"line":120,"column":76},"skip":true},"31":{"start":{"line":121,"column":12},"end":{"line":121,"column":73},"skip":true},"32":{"start":{"line":122,"column":12},"end":{"line":122,"column":74},"skip":true},"33":{"start":{"line":123,"column":12},"end":{"line":123,"column":79},"skip":true},"34":{"start":{"line":124,"column":12},"end":{"line":124,"column":25},"skip":true},"35":{"start":{"line":125,"column":12},"end":{"line":125,"column":45},"skip":true},"36":{"start":{"line":128,"column":8},"end":{"line":135,"column":14},"skip":true},"37":{"start":{"line":133,"column":16},"end":{"line":133,"column":29},"skip":true},"38":{"start":{"line":134,"column":16},"end":{"line":134,"column":55},"skip":true},"39":{"start":{"line":137,"column":8},"end":{"line":146,"column":10},"skip":true},"40":{"start":{"line":144,"column":12},"end":{"line":144,"column":25},"skip":true},"41":{"start":{"line":145,"column":12},"end":{"line":145,"column":45},"skip":true},"42":{"start":{"line":148,"column":8},"end":{"line":157,"column":10},"skip":true},"43":{"start":{"line":155,"column":12},"end":{"line":155,"column":25},"skip":true},"44":{"start":{"line":156,"column":12},"end":{"line":156,"column":48},"skip":true},"45":{"start":{"line":159,"column":8},"end":{"line":168,"column":10},"skip":true},"46":{"start":{"line":166,"column":12},"end":{"line":166,"column":25},"skip":true},"47":{"start":{"line":167,"column":12},"end":{"line":167,"column":46},"skip":true},"48":{"start":{"line":170,"column":8},"end":{"line":179,"column":10},"skip":true},"49":{"start":{"line":177,"column":12},"end":{"line":177,"column":94},"skip":true},"50":{"start":{"line":178,"column":12},"end":{"line":178,"column":48},"skip":true},"51":{"start":{"line":182,"column":8},"end":{"line":182,"column":35},"skip":true},"52":{"start":{"line":183,"column":8},"end":{"line":183,"column":14},"skip":true}},"branchMap":{"1":{"line":25,"type":"binary-expr","locations":[{"start":{"line":25,"column":23},"end":{"line":25,"column":62}},{"start":{"line":26,"column":20},"end":{"line":26,"column":70}},{"start":{"line":27,"column":20},"end":{"line":27,"column":71}},{"start":{"line":28,"column":20},"end":{"line":28,"column":29}}]},"2":{"line":30,"type":"binary-expr","locations":[{"start":{"line":30,"column":23},"end":{"line":30,"column":37}},{"start":{"line":31,"column":20},"end":{"line":31,"column":61}},{"start":{"line":32,"column":20},"end":{"line":32,"column":70}},{"start":{"line":33,"column":20},"end":{"line":33,"column":26}}]},"3":{"line":37,"type":"cond-expr","locations":[{"start":{"line":38,"column":14},"end":{"line":38,"column":20}},{"start":{"line":39,"column":14},"end":{"line":39,"column":20}}]},"4":{"line":40,"type":"switch","locations":[{"start":{"line":42,"column":8},"end":{"line":47,"column":18}},{"start":{"line":49,"column":8},"end":{"line":52,"column":18}}]},"5":{"line":44,"type":"binary-expr","locations":[{"start":{"line":44,"column":16},"end":{"line":44,"column":44}},{"start":{"line":44,"column":48},"end":{"line":44,"column":66}}]},"6":{"line":50,"type":"binary-expr","locations":[{"start":{"line":50,"column":21},"end":{"line":50,"column":49}},{"start":{"line":50,"column":53},"end":{"line":50,"column":72}}]},"7":{"line":64,"type":"switch","locations":[{"start":{"line":69,"column":4},"end":{"line":70,"column":14}},{"start":{"line":75,"column":4},"end":{"line":76,"column":14}}]},"8":{"line":85,"type":"switch","locations":[{"start":{"line":90,"column":4},"end":{"line":95,"column":14}},{"start":{"line":101,"column":4},"end":{"line":183,"column":14},"skip":true}]},"9":{"line":92,"type":"binary-expr","locations":[{"start":{"line":92,"column":18},"end":{"line":92,"column":32}},{"start":{"line":93,"column":12},"end":{"line":93,"column":53}},{"start":{"line":94,"column":12},"end":{"line":94,"column":61}}]},"10":{"line":102,"type":"binary-expr","locations":[{"start":{"line":102,"column":45},"end":{"line":102,"column":79},"skip":true},{"start":{"line":102,"column":83},"end":{"line":111,"column":9},"skip":true}]},"11":{"line":113,"type":"binary-expr","locations":[{"start":{"line":113,"column":42},"end":{"line":113,"column":73},"skip":true},{"start":{"line":113,"column":77},"end":{"line":126,"column":9},"skip":true}]},"12":{"line":128,"type":"binary-expr","locations":[{"start":{"line":128,"column":48},"end":{"line":128,"column":85},"skip":true},{"start":{"line":129,"column":12},"end":{"line":135,"column":13},"skip":true}]},"13":{"line":137,"type":"binary-expr","locations":[{"start":{"line":137,"column":42},"end":{"line":137,"column":73},"skip":true},{"start":{"line":137,"column":77},"end":{"line":146,"column":9},"skip":true}]},"14":{"line":148,"type":"binary-expr","locations":[{"start":{"line":148,"column":45},"end":{"line":148,"column":79},"skip":true},{"start":{"line":148,"column":83},"end":{"line":157,"column":9},"skip":true}]},"15":{"line":159,"type":"binary-expr","locations":[{"start":{"line":159,"column":43},"end":{"line":159,"column":75},"skip":true},{"start":{"line":159,"column":79},"end":{"line":168,"column":9},"skip":true}]},"16":{"line":170,"type":"binary-expr","locations":[{"start":{"line":170,"column":41},"end":{"line":170,"column":71},"skip":true},{"start":{"line":170,"column":75},"end":{"line":179,"column":9},"skip":true}]}},"code":["/* istanbul instrument in package npmtest_array */","/*jslint","    bitwise: true,","    browser: true,","    maxerr: 8,","    maxlen: 96,","    node: true,","    nomen: true,","    regexp: true,","    stupid: true","*/","(function () {","    'use strict';","    var local;","","","","    // run shared js-env code - pre-init","    (function () {","        // init local","        local = {};","        // init modeJs","        local.modeJs = (function () {","            try {","                return typeof navigator.userAgent === 'string' &&","                    typeof document.querySelector('body') === 'object' &&","                    typeof XMLHttpRequest.prototype.open === 'function' &&","                    'browser';","            } catch (errorCaughtBrowser) {","                return module.exports &&","                    typeof process.versions.node === 'string' &&","                    typeof require('http').createServer === 'function' &&","                    'node';","            }","        }());","        // init global","        local.global = local.modeJs === 'browser'","            ? window","            : global;","        switch (local.modeJs) {","        // re-init local from window.local","        case 'browser':","            local = local.global.utility2.objectSetDefault(","                local.global.utility2_rollup || local.global.local,","                local.global.utility2","            );","            break;","        // re-init local from example.js","        case 'node':","            local = (local.global.utility2_rollup || require('utility2'))","                .requireExampleJsFromReadme();","            break;","        }","        // export local","        local.global.local = local;","    }());","","","","    // run shared js-env code - function","    (function () {","        return;","    }());","    switch (local.modeJs) {","","","","    // run browser js-env code - function","    case 'browser':","        break;","","","","    // run node js-env code - function","    case 'node':","        break;","    }","","","","    // run shared js-env code - post-init","    (function () {","        return;","    }());","    switch (local.modeJs) {","","","","    // run browser js-env code - post-init","    case 'browser':","        // run tests","        local.nop(local.modeTest &&","            document.querySelector('#testRunButton1') &&","            document.querySelector('#testRunButton1').click());","        break;","","","","    // run node js-env code - post-init","    /* istanbul ignore next */","    case 'node':","        local.testCase_buildApidoc_default = local.testCase_buildApidoc_default || function (","            options,","            onError","        ) {","        /*","         * this function will test buildApidoc's default handling-behavior-behavior","         */","            options = { modulePathList: module.paths };","            local.buildApidoc(options, onError);","        };","","        local.testCase_buildApp_default = local.testCase_buildApp_default || function (","            options,","            onError","        ) {","        /*","         * this function will test buildApp's default handling-behavior-behavior","         */","            local.testCase_buildReadme_default(options, local.onErrorThrow);","            local.testCase_buildLib_default(options, local.onErrorThrow);","            local.testCase_buildTest_default(options, local.onErrorThrow);","            local.testCase_buildCustomOrg_default(options, local.onErrorThrow);","            options = [];","            local.buildApp(options, onError);","        };","","        local.testCase_buildCustomOrg_default = local.testCase_buildCustomOrg_default ||","            function (options, onError) {","            /*","             * this function will test buildCustomOrg's default handling-behavior","             */","                options = {};","                local.buildCustomOrg(options, onError);","            };","","        local.testCase_buildLib_default = local.testCase_buildLib_default || function (","            options,","            onError","        ) {","        /*","         * this function will test buildLib's default handling-behavior","         */","            options = {};","            local.buildLib(options, onError);","        };","","        local.testCase_buildReadme_default = local.testCase_buildReadme_default || function (","            options,","            onError","        ) {","        /*","         * this function will test buildReadme's default handling-behavior-behavior","         */","            options = {};","            local.buildReadme(options, onError);","        };","","        local.testCase_buildTest_default = local.testCase_buildTest_default || function (","            options,","            onError","        ) {","        /*","         * this function will test buildTest's default handling-behavior","         */","            options = {};","            local.buildTest(options, onError);","        };","","        local.testCase_webpage_default = local.testCase_webpage_default || function (","            options,","            onError","        ) {","        /*","         * this function will test webpage's default handling-behavior","         */","            options = { modeCoverageMerge: true, url: local.serverLocalHost + '?modeTest=1' };","            local.browserTest(options, onError);","        };","","        // run test-server","        local.testRunServer(local);","        break;","    }","}());",""],"l":{"12":2,"14":2,"19":2,"21":2,"23":2,"24":2,"25":2,"30":1,"37":2,"40":2,"43":1,"47":1,"50":1,"52":1,"55":2,"61":2,"62":2,"64":2,"70":1,"76":1,"82":2,"83":2,"85":2,"92":1,"95":1,"102":1,"109":1,"110":1,"113":1,"120":1,"121":1,"122":1,"123":1,"124":1,"125":1,"128":1,"133":2,"134":2,"137":1,"144":2,"145":2,"148":1,"155":2,"156":2,"159":1,"166":2,"167":2,"170":1,"177":1,"178":1,"182":1,"183":1}},"/home/travis/build/npmtest/node-npmtest-array/lib.npmtest_array.js":{"path":"/home/travis/build/npmtest/node-npmtest-array/lib.npmtest_array.js","s":{"1":2,"2":2,"3":2,"4":2,"5":2,"6":2,"7":2,"8":1,"9":2,"10":2,"11":2,"12":2,"13":1,"14":1,"15":1,"16":1},"b":{"1":[2,1,1,1],"2":[1,1,1,1],"3":[1,1],"4":[2,2],"5":[1,1]},"f":{"1":2,"2":2,"3":2},"fnMap":{"1":{"name":"(anonymous_1)","line":12,"loc":{"start":{"line":12,"column":1},"end":{"line":12,"column":13}}},"2":{"name":"(anonymous_2)","line":19,"loc":{"start":{"line":19,"column":5},"end":{"line":19,"column":17}}},"3":{"name":"(anonymous_3)","line":23,"loc":{"start":{"line":23,"column":24},"end":{"line":23,"column":36}}}},"statementMap":{"1":{"start":{"line":12,"column":0},"end":{"line":53,"column":5}},"2":{"start":{"line":14,"column":4},"end":{"line":14,"column":14}},"3":{"start":{"line":19,"column":4},"end":{"line":52,"column":9}},"4":{"start":{"line":21,"column":8},"end":{"line":21,"column":19}},"5":{"start":{"line":23,"column":8},"end":{"line":35,"column":13}},"6":{"start":{"line":24,"column":12},"end":{"line":34,"column":13}},"7":{"start":{"line":25,"column":16},"end":{"line":28,"column":30}},"8":{"start":{"line":30,"column":16},"end":{"line":33,"column":27}},"9":{"start":{"line":37,"column":8},"end":{"line":39,"column":21}},"10":{"start":{"line":41,"column":8},"end":{"line":41,"column":54}},"11":{"start":{"line":43,"column":8},"end":{"line":43,"column":50}},"12":{"start":{"line":45,"column":8},"end":{"line":51,"column":9}},"13":{"start":{"line":46,"column":12},"end":{"line":46,"column":56}},"14":{"start":{"line":48,"column":12},"end":{"line":48,"column":35}},"15":{"start":{"line":49,"column":12},"end":{"line":49,"column":49}},"16":{"start":{"line":50,"column":12},"end":{"line":50,"column":43}}},"branchMap":{"1":{"line":25,"type":"binary-expr","locations":[{"start":{"line":25,"column":23},"end":{"line":25,"column":62}},{"start":{"line":26,"column":20},"end":{"line":26,"column":70}},{"start":{"line":27,"column":20},"end":{"line":27,"column":71}},{"start":{"line":28,"column":20},"end":{"line":28,"column":29}}]},"2":{"line":30,"type":"binary-expr","locations":[{"start":{"line":30,"column":23},"end":{"line":30,"column":37}},{"start":{"line":31,"column":20},"end":{"line":31,"column":61}},{"start":{"line":32,"column":20},"end":{"line":32,"column":70}},{"start":{"line":33,"column":20},"end":{"line":33,"column":26}}]},"3":{"line":37,"type":"cond-expr","locations":[{"start":{"line":38,"column":14},"end":{"line":38,"column":20}},{"start":{"line":39,"column":14},"end":{"line":39,"column":20}}]},"4":{"line":41,"type":"binary-expr","locations":[{"start":{"line":41,"column":16},"end":{"line":41,"column":44}},{"start":{"line":41,"column":48},"end":{"line":41,"column":53}}]},"5":{"line":45,"type":"if","locations":[{"start":{"line":45,"column":8},"end":{"line":45,"column":8}},{"start":{"line":45,"column":8},"end":{"line":45,"column":8}}]}},"code":["/* istanbul instrument in package npmtest_array */","/*jslint","    bitwise: true,","    browser: true,","    maxerr: 8,","    maxlen: 96,","    node: true,","    nomen: true,","    regexp: true,","    stupid: true","*/","(function () {","    'use strict';","    var local;","","","","    // run shared js-env code - pre-init","    (function () {","        // init local","        local = {};","        // init modeJs","        local.modeJs = (function () {","            try {","                return typeof navigator.userAgent === 'string' &&","                    typeof document.querySelector('body') === 'object' &&","                    typeof XMLHttpRequest.prototype.open === 'function' &&","                    'browser';","            } catch (errorCaughtBrowser) {","                return module.exports &&","                    typeof process.versions.node === 'string' &&","                    typeof require('http').createServer === 'function' &&","                    'node';","            }","        }());","        // init global","        local.global = local.modeJs === 'browser'","            ? window","            : global;","        // init utility2_rollup","        local = local.global.utility2_rollup || local;","        // init lib","        local.local = local.npmtest_array = local;","        // init exports","        if (local.modeJs === 'browser') {","            local.global.utility2_npmtest_array = local;","        } else {","            module.exports = local;","            module.exports.__dirname = __dirname;","            module.exports.module = module;","        }","    }());","}());",""],"l":{"12":2,"14":2,"19":2,"21":2,"23":2,"24":2,"25":2,"30":1,"37":2,"41":2,"43":2,"45":2,"46":1,"48":1,"49":1,"50":1}},"/home/travis/build/npmtest/node-npmtest-array/example.js":{"path":"/home/travis/build/npmtest/node-npmtest-array/example.js","s":{"1":2,"2":2,"3":2,"4":2,"5":2,"6":2,"7":2,"8":1,"9":2,"10":2,"11":2,"12":2,"13":1,"14":2,"15":2,"16":2,"17":2,"18":2,"19":0,"20":2,"21":1,"22":1,"23":1,"24":1,"25":1,"26":0,"27":0,"28":1,"29":1,"30":2,"31":0,"32":0,"33":0,"34":1,"35":2,"36":2,"37":2,"38":2,"39":2,"40":2,"41":0,"42":2,"43":2,"44":2,"45":1,"46":3,"47":1,"48":1,"49":1,"50":1,"51":1,"52":1,"53":1,"54":1,"55":1,"56":1,"57":0,"58":1,"59":6,"60":6,"61":1,"62":2,"63":0,"64":2,"65":1,"66":1,"67":0,"68":0,"69":0,"70":0,"71":0,"72":0,"73":0,"74":0,"75":0,"76":0,"77":0,"78":0,"79":0,"80":0,"81":0,"82":0,"83":0},"b":{"1":[2,1,1,1],"2":[1,1,1,1],"3":[1,1],"4":[2,2],"5":[1,1],"6":[1,1],"7":[2,0],"8":[2,1,1,1,1,1],"9":[0,2,0],"10":[1,1],"11":[2,1,1],"12":[1,0],"13":[0,2],"14":[2,0,0,0,0,0,0],"15":[0,2],"16":[2,0],"17":[1,1],"18":[0,1],"19":[1,2,0,2],"20":[1,0],"21":[1,1],"22":[0,0],"23":[0,0],"24":[0,0],"25":[0,0],"26":[0,0],"27":[0,0],"28":[0,0]},"f":{"1":2,"2":2,"3":2,"4":2,"5":2,"6":2,"7":2,"8":2,"9":3,"10":1,"11":6,"12":0},"fnMap":{"1":{"name":"(anonymous_1)","line":26,"loc":{"start":{"line":26,"column":1},"end":{"line":26,"column":13}}},"2":{"name":"(anonymous_2)","line":33,"loc":{"start":{"line":33,"column":5},"end":{"line":33,"column":17}}},"3":{"name":"(anonymous_3)","line":37,"loc":{"start":{"line":37,"column":24},"end":{"line":37,"column":36}}},"4":{"name":"(anonymous_4)","line":69,"loc":{"start":{"line":69,"column":31},"end":{"line":69,"column":48}},"skip":true},"5":{"name":"(anonymous_5)","line":78,"loc":{"start":{"line":78,"column":26},"end":{"line":78,"column":45}},"skip":true},"6":{"name":"(anonymous_6)","line":123,"loc":{"start":{"line":123,"column":33},"end":{"line":123,"column":48}},"skip":true},"7":{"name":"(anonymous_7)","line":125,"loc":{"start":{"line":125,"column":27},"end":{"line":125,"column":39}},"skip":true},"8":{"name":"(anonymous_8)","line":133,"loc":{"start":{"line":133,"column":59},"end":{"line":133,"column":74}},"skip":true},"9":{"name":"(anonymous_9)","line":143,"loc":{"start":{"line":143,"column":45},"end":{"line":143,"column":62}},"skip":true},"10":{"name":"(anonymous_10)","line":144,"loc":{"start":{"line":144,"column":73},"end":{"line":144,"column":92}},"skip":true},"11":{"name":"(anonymous_11)","line":272,"loc":{"start":{"line":272,"column":51},"end":{"line":272,"column":77}},"skip":true},"12":{"name":"(anonymous_12)","line":314,"loc":{"start":{"line":314,"column":32},"end":{"line":314,"column":61}},"skip":true}},"statementMap":{"1":{"start":{"line":26,"column":0},"end":{"line":325,"column":5}},"2":{"start":{"line":28,"column":4},"end":{"line":28,"column":14}},"3":{"start":{"line":33,"column":4},"end":{"line":60,"column":9}},"4":{"start":{"line":35,"column":8},"end":{"line":35,"column":19}},"5":{"start":{"line":37,"column":8},"end":{"line":49,"column":13}},"6":{"start":{"line":38,"column":12},"end":{"line":48,"column":13}},"7":{"start":{"line":39,"column":16},"end":{"line":42,"column":30}},"8":{"start":{"line":44,"column":16},"end":{"line":47,"column":27}},"9":{"start":{"line":51,"column":8},"end":{"line":53,"column":21}},"10":{"start":{"line":55,"column":8},"end":{"line":57,"column":45}},"11":{"start":{"line":59,"column":8},"end":{"line":59,"column":35}},"12":{"start":{"line":61,"column":4},"end":{"line":324,"column":5}},"13":{"start":{"line":69,"column":8},"end":{"line":121,"column":10},"skip":true},"14":{"start":{"line":70,"column":12},"end":{"line":88,"column":13},"skip":true},"15":{"start":{"line":76,"column":16},"end":{"line":87,"column":19},"skip":true},"16":{"start":{"line":79,"column":20},"end":{"line":86,"column":21},"skip":true},"17":{"start":{"line":82,"column":24},"end":{"line":82,"column":43},"skip":true},"18":{"start":{"line":83,"column":24},"end":{"line":83,"column":30},"skip":true},"19":{"start":{"line":85,"column":24},"end":{"line":85,"column":49},"skip":true},"20":{"start":{"line":89,"column":12},"end":{"line":107,"column":13},"skip":true},"21":{"start":{"line":92,"column":16},"end":{"line":102,"column":17},"skip":true},"22":{"start":{"line":93,"column":20},"end":{"line":93,"column":86},"skip":true},"23":{"start":{"line":94,"column":20},"end":{"line":95,"column":45},"skip":true},"24":{"start":{"line":96,"column":20},"end":{"line":96,"column":42},"skip":true},"25":{"start":{"line":97,"column":20},"end":{"line":97,"column":48},"skip":true},"26":{"start":{"line":100,"column":20},"end":{"line":100,"column":85},"skip":true},"27":{"start":{"line":101,"column":20},"end":{"line":101,"column":96},"skip":true},"28":{"start":{"line":103,"column":16},"end":{"line":103,"column":22},"skip":true},"29":{"start":{"line":106,"column":16},"end":{"line":106,"column":22},"skip":true},"30":{"start":{"line":108,"column":12},"end":{"line":120,"column":13},"skip":true},"31":{"start":{"line":114,"column":16},"end":{"line":119,"column":17},"skip":true},"32":{"start":{"line":116,"column":20},"end":{"line":116,"column":78},"skip":true},"33":{"start":{"line":118,"column":20},"end":{"line":118,"column":47},"skip":true},"34":{"start":{"line":123,"column":8},"end":{"line":141,"column":11},"skip":true},"35":{"start":{"line":124,"column":12},"end":{"line":124,"column":54},"skip":true},"36":{"start":{"line":125,"column":12},"end":{"line":140,"column":14},"skip":true},"37":{"start":{"line":126,"column":16},"end":{"line":126,"column":28},"skip":true},"38":{"start":{"line":127,"column":16},"end":{"line":127,"column":69},"skip":true},"39":{"start":{"line":128,"column":16},"end":{"line":128,"column":75},"skip":true},"40":{"start":{"line":129,"column":16},"end":{"line":131,"column":17},"skip":true},"41":{"start":{"line":130,"column":20},"end":{"line":130,"column":27},"skip":true},"42":{"start":{"line":133,"column":16},"end":{"line":137,"column":36},"skip":true},"43":{"start":{"line":134,"column":20},"end":{"line":136,"column":55},"skip":true},"44":{"start":{"line":139,"column":16},"end":{"line":139,"column":57},"skip":true},"45":{"start":{"line":143,"column":8},"end":{"line":147,"column":11},"skip":true},"46":{"start":{"line":144,"column":12},"end":{"line":146,"column":15},"skip":true},"47":{"start":{"line":145,"column":16},"end":{"line":145,"column":70},"skip":true},"48":{"start":{"line":149,"column":8},"end":{"line":149,"column":31},"skip":true},"49":{"start":{"line":150,"column":8},"end":{"line":150,"column":14},"skip":true},"50":{"start":{"line":158,"column":8},"end":{"line":158,"column":31},"skip":true},"51":{"start":{"line":160,"column":8},"end":{"line":160,"column":33},"skip":true},"52":{"start":{"line":161,"column":8},"end":{"line":161,"column":37},"skip":true},"53":{"start":{"line":162,"column":8},"end":{"line":162,"column":35},"skip":true},"54":{"start":{"line":164,"column":8},"end":{"line":164,"column":50},"skip":true},"55":{"start":{"line":166,"column":8},"end":{"line":256,"column":2},"skip":true},"56":{"start":{"line":258,"column":8},"end":{"line":286,"column":9},"skip":true},"57":{"start":{"line":259,"column":12},"end":{"line":269,"column":14},"skip":true},"58":{"start":{"line":271,"column":12},"end":{"line":285,"column":19},"skip":true},"59":{"start":{"line":274,"column":20},"end":{"line":274,"column":35},"skip":true},"60":{"start":{"line":275,"column":20},"end":{"line":284,"column":21},"skip":true},"61":{"start":{"line":277,"column":24},"end":{"line":277,"column":64},"skip":true},"62":{"start":{"line":279,"column":24},"end":{"line":279,"column":40},"skip":true},"63":{"start":{"line":281,"column":24},"end":{"line":281,"column":40},"skip":true},"64":{"start":{"line":283,"column":24},"end":{"line":283,"column":39},"skip":true},"65":{"start":{"line":288,"column":8},"end":{"line":290,"column":9},"skip":true},"66":{"start":{"line":289,"column":12},"end":{"line":289,"column":18},"skip":true},"67":{"start":{"line":291,"column":8},"end":{"line":293,"column":54},"skip":true},"68":{"start":{"line":294,"column":8},"end":{"line":301,"column":37},"skip":true},"69":{"start":{"line":302,"column":8},"end":{"line":302,"column":82},"skip":true},"70":{"start":{"line":305,"column":8},"end":{"line":307,"column":9},"skip":true},"71":{"start":{"line":306,"column":12},"end":{"line":306,"column":82},"skip":true},"72":{"start":{"line":309,"column":8},"end":{"line":311,"column":9},"skip":true},"73":{"start":{"line":310,"column":12},"end":{"line":310,"column":18},"skip":true},"74":{"start":{"line":312,"column":8},"end":{"line":312,"column":54},"skip":true},"75":{"start":{"line":313,"column":8},"end":{"line":313,"column":69},"skip":true},"76":{"start":{"line":314,"column":8},"end":{"line":322,"column":36},"skip":true},"77":{"start":{"line":315,"column":12},"end":{"line":315,"column":61},"skip":true},"78":{"start":{"line":316,"column":12},"end":{"line":319,"column":13},"skip":true},"79":{"start":{"line":317,"column":16},"end":{"line":317,"column":75},"skip":true},"80":{"start":{"line":318,"column":16},"end":{"line":318,"column":23},"skip":true},"81":{"start":{"line":320,"column":12},"end":{"line":320,"column":38},"skip":true},"82":{"start":{"line":321,"column":12},"end":{"line":321,"column":27},"skip":true},"83":{"start":{"line":323,"column":8},"end":{"line":323,"column":14},"skip":true}},"branchMap":{"1":{"line":39,"type":"binary-expr","locations":[{"start":{"line":39,"column":23},"end":{"line":39,"column":62}},{"start":{"line":40,"column":20},"end":{"line":40,"column":70}},{"start":{"line":41,"column":20},"end":{"line":41,"column":71}},{"start":{"line":42,"column":20},"end":{"line":42,"column":29}}]},"2":{"line":44,"type":"binary-expr","locations":[{"start":{"line":44,"column":23},"end":{"line":44,"column":37}},{"start":{"line":45,"column":20},"end":{"line":45,"column":61}},{"start":{"line":46,"column":20},"end":{"line":46,"column":70}},{"start":{"line":47,"column":20},"end":{"line":47,"column":26}}]},"3":{"line":51,"type":"cond-expr","locations":[{"start":{"line":52,"column":14},"end":{"line":52,"column":20}},{"start":{"line":53,"column":14},"end":{"line":53,"column":20}}]},"4":{"line":55,"type":"binary-expr","locations":[{"start":{"line":55,"column":16},"end":{"line":55,"column":44}},{"start":{"line":55,"column":49},"end":{"line":57,"column":43}}]},"5":{"line":55,"type":"cond-expr","locations":[{"start":{"line":56,"column":14},"end":{"line":56,"column":49}},{"start":{"line":57,"column":14},"end":{"line":57,"column":43}}]},"6":{"line":61,"type":"switch","locations":[{"start":{"line":68,"column":4},"end":{"line":150,"column":14},"skip":true},{"start":{"line":156,"column":4},"end":{"line":323,"column":14},"skip":true}]},"7":{"line":70,"type":"if","locations":[{"start":{"line":70,"column":12},"end":{"line":70,"column":12},"skip":true},{"start":{"line":70,"column":12},"end":{"line":70,"column":12},"skip":true}]},"8":{"line":70,"type":"binary-expr","locations":[{"start":{"line":70,"column":16},"end":{"line":70,"column":22},"skip":true},{"start":{"line":70,"column":27},"end":{"line":70,"column":32},"skip":true},{"start":{"line":71,"column":20},"end":{"line":71,"column":39},"skip":true},{"start":{"line":72,"column":20},"end":{"line":72,"column":49},"skip":true},{"start":{"line":73,"column":20},"end":{"line":73,"column":58},"skip":true},{"start":{"line":74,"column":20},"end":{"line":74,"column":69},"skip":true}]},"9":{"line":79,"type":"switch","locations":[{"start":{"line":80,"column":20},"end":{"line":80,"column":33},"skip":true},{"start":{"line":81,"column":20},"end":{"line":83,"column":30},"skip":true},{"start":{"line":84,"column":20},"end":{"line":85,"column":49},"skip":true}]},"10":{"line":89,"type":"switch","locations":[{"start":{"line":90,"column":12},"end":{"line":103,"column":22},"skip":true},{"start":{"line":105,"column":12},"end":{"line":106,"column":22},"skip":true}]},"11":{"line":89,"type":"binary-expr","locations":[{"start":{"line":89,"column":20},"end":{"line":89,"column":25},"skip":true},{"start":{"line":89,"column":29},"end":{"line":89,"column":48},"skip":true},{"start":{"line":89,"column":52},"end":{"line":89,"column":74},"skip":true}]},"12":{"line":92,"type":"if","locations":[{"start":{"line":92,"column":16},"end":{"line":92,"column":16},"skip":true},{"start":{"line":92,"column":16},"end":{"line":92,"column":16},"skip":true}]},"13":{"line":108,"type":"if","locations":[{"start":{"line":108,"column":12},"end":{"line":108,"column":12},"skip":true},{"start":{"line":108,"column":12},"end":{"line":108,"column":12},"skip":true}]},"14":{"line":108,"type":"binary-expr","locations":[{"start":{"line":108,"column":16},"end":{"line":108,"column":61},"skip":true},{"start":{"line":108,"column":66},"end":{"line":108,"column":72},"skip":true},{"start":{"line":108,"column":77},"end":{"line":108,"column":82},"skip":true},{"start":{"line":109,"column":20},"end":{"line":109,"column":39},"skip":true},{"start":{"line":110,"column":20},"end":{"line":110,"column":49},"skip":true},{"start":{"line":111,"column":20},"end":{"line":111,"column":58},"skip":true},{"start":{"line":112,"column":20},"end":{"line":112,"column":68},"skip":true}]},"15":{"line":129,"type":"if","locations":[{"start":{"line":129,"column":16},"end":{"line":129,"column":16},"skip":true},{"start":{"line":129,"column":16},"end":{"line":129,"column":16},"skip":true}]},"16":{"line":134,"type":"cond-expr","locations":[{"start":{"line":135,"column":26},"end":{"line":135,"column":29},"skip":true},{"start":{"line":136,"column":26},"end":{"line":136,"column":54},"skip":true}]},"17":{"line":164,"type":"binary-expr","locations":[{"start":{"line":164,"column":27},"end":{"line":164,"column":43},"skip":true},{"start":{"line":164,"column":47},"end":{"line":164,"column":49},"skip":true}]},"18":{"line":258,"type":"if","locations":[{"start":{"line":258,"column":8},"end":{"line":258,"column":8},"skip":true},{"start":{"line":258,"column":8},"end":{"line":258,"column":8},"skip":true}]},"19":{"line":275,"type":"switch","locations":[{"start":{"line":276,"column":20},"end":{"line":277,"column":64},"skip":true},{"start":{"line":278,"column":20},"end":{"line":279,"column":40},"skip":true},{"start":{"line":280,"column":20},"end":{"line":281,"column":40},"skip":true},{"start":{"line":282,"column":20},"end":{"line":283,"column":39},"skip":true}]},"20":{"line":288,"type":"if","locations":[{"start":{"line":288,"column":8},"end":{"line":288,"column":8},"skip":true},{"start":{"line":288,"column":8},"end":{"line":288,"column":8},"skip":true}]},"21":{"line":288,"type":"binary-expr","locations":[{"start":{"line":288,"column":12},"end":{"line":288,"column":40},"skip":true},{"start":{"line":288,"column":44},"end":{"line":288,"column":67},"skip":true}]},"22":{"line":292,"type":"binary-expr","locations":[{"start":{"line":292,"column":12},"end":{"line":292,"column":50},"skip":true},{"start":{"line":293,"column":12},"end":{"line":293,"column":53},"skip":true}]},"23":{"line":295,"type":"binary-expr","locations":[{"start":{"line":295,"column":12},"end":{"line":295,"column":63},"skip":true},{"start":{"line":296,"column":12},"end":{"line":301,"column":36},"skip":true}]},"24":{"line":302,"type":"binary-expr","locations":[{"start":{"line":302,"column":43},"end":{"line":302,"column":75},"skip":true},{"start":{"line":302,"column":79},"end":{"line":302,"column":81},"skip":true}]},"25":{"line":305,"type":"if","locations":[{"start":{"line":305,"column":8},"end":{"line":305,"column":8},"skip":true},{"start":{"line":305,"column":8},"end":{"line":305,"column":8},"skip":true}]},"26":{"line":309,"type":"if","locations":[{"start":{"line":309,"column":8},"end":{"line":309,"column":8},"skip":true},{"start":{"line":309,"column":8},"end":{"line":309,"column":8},"skip":true}]},"27":{"line":312,"type":"binary-expr","locations":[{"start":{"line":312,"column":27},"end":{"line":312,"column":43},"skip":true},{"start":{"line":312,"column":47},"end":{"line":312,"column":53},"skip":true}]},"28":{"line":316,"type":"if","locations":[{"start":{"line":316,"column":12},"end":{"line":316,"column":12},"skip":true},{"start":{"line":316,"column":12},"end":{"line":316,"column":12},"skip":true}]}},"code":["/*","example.js","","quickstart example","","instruction","    1. save this script as example.js","    2. run the shell command:","        $ npm install npmtest-array && PORT=8081 node example.js","    3. play with the browser-demo on http://127.0.0.1:8081","*/","","","","/* istanbul instrument in package npmtest_array */","/*jslint","    bitwise: true,","    browser: true,","    maxerr: 8,","    maxlen: 96,","    node: true,","    nomen: true,","    regexp: true,","    stupid: true","*/","(function () {","    'use strict';","    var local;","","","","    // run shared js-env code - pre-init","    (function () {","        // init local","        local = {};","        // init modeJs","        local.modeJs = (function () {","            try {","                return typeof navigator.userAgent === 'string' &&","                    typeof document.querySelector('body') === 'object' &&","                    typeof XMLHttpRequest.prototype.open === 'function' &&","                    'browser';","            } catch (errorCaughtBrowser) {","                return module.exports &&","                    typeof process.versions.node === 'string' &&","                    typeof require('http').createServer === 'function' &&","                    'node';","            }","        }());","        // init global","        local.global = local.modeJs === 'browser'","            ? window","            : global;","        // init utility2_rollup","        local = local.global.utility2_rollup || (local.modeJs === 'browser'","            ? local.global.utility2_npmtest_array","            : global.utility2_moduleExports);","        // export local","        local.global.local = local;","    }());","    switch (local.modeJs) {","","","","    // post-init","    // run browser js-env code - post-init","    /* istanbul ignore next */","    case 'browser':","        local.testRunBrowser = function (event) {","            if (!event || (event &&","                    event.currentTarget &&","                    event.currentTarget.className &&","                    event.currentTarget.className.includes &&","                    event.currentTarget.className.includes('onreset'))) {","                // reset output","                Array.from(","                    document.querySelectorAll('body > .resettable')","                ).forEach(function (element) {","                    switch (element.tagName) {","                    case 'INPUT':","                    case 'TEXTAREA':","                        element.value = '';","                        break;","                    default:","                        element.textContent = '';","                    }","                });","            }","            switch (event && event.currentTarget && event.currentTarget.id) {","            case 'testRunButton1':","                // show tests","                if (document.querySelector('#testReportDiv1').style.display === 'none') {","                    document.querySelector('#testReportDiv1').style.display = 'block';","                    document.querySelector('#testRunButton1').textContent =","                        'hide internal test';","                    local.modeTest = true;","                    local.testRunDefault(local);","                // hide tests","                } else {","                    document.querySelector('#testReportDiv1').style.display = 'none';","                    document.querySelector('#testRunButton1').textContent = 'run internal test';","                }","                break;","            // custom-case","            default:","                break;","            }","            if (document.querySelector('#inputTextareaEval1') && (!event || (event &&","                    event.currentTarget &&","                    event.currentTarget.className &&","                    event.currentTarget.className.includes &&","                    event.currentTarget.className.includes('oneval')))) {","                // try to eval input-code","                try {","                    /*jslint evil: true*/","                    eval(document.querySelector('#inputTextareaEval1').value);","                } catch (errorCaught) {","                    console.error(errorCaught);","                }","            }","        };","        // log stderr and stdout to #outputTextareaStdout1","        ['error', 'log'].forEach(function (key) {","            console[key + '_original'] = console[key];","            console[key] = function () {","                var element;","                console[key + '_original'].apply(console, arguments);","                element = document.querySelector('#outputTextareaStdout1');","                if (!element) {","                    return;","                }","                // append text to #outputTextareaStdout1","                element.value += Array.from(arguments).map(function (arg) {","                    return typeof arg === 'string'","                        ? arg","                        : JSON.stringify(arg, null, 4);","                }).join(' ') + '\\n';","                // scroll textarea to bottom","                element.scrollTop = element.scrollHeight;","            };","        });","        // init event-handling","        ['change', 'click', 'keyup'].forEach(function (event) {","            Array.from(document.querySelectorAll('.on' + event)).forEach(function (element) {","                element.addEventListener(event, local.testRunBrowser);","            });","        });","        // run tests","        local.testRunBrowser();","        break;","","","","    // run node js-env code - post-init","    /* istanbul ignore next */","    case 'node':","        // export local","        module.exports = local;","        // require modules","        local.fs = require('fs');","        local.http = require('http');","        local.url = require('url');","        // init assets","        local.assetsDict = local.assetsDict || {};","        /* jslint-ignore-begin */","        local.assetsDict['/assets.index.template.html'] = '\\","<!doctype html>\\n\\","<html lang=\"en\">\\n\\","<head>\\n\\","<meta charset=\"UTF-8\">\\n\\","<meta name=\"viewport\" content=\"width=device-width, initial-scale=1\">\\n\\","<title>{{env.npm_package_name}} (v{{env.npm_package_version}})</title>\\n\\","<style>\\n\\","/*csslint\\n\\","    box-sizing: false,\\n\\","    universal-selector: false\\n\\","*/\\n\\","* {\\n\\","    box-sizing: border-box;\\n\\","}\\n\\","body {\\n\\","    background: #dde;\\n\\","    font-family: Arial, Helvetica, sans-serif;\\n\\","    margin: 2rem;\\n\\","}\\n\\","body > * {\\n\\","    margin-bottom: 1rem;\\n\\","}\\n\\",".utility2FooterDiv {\\n\\","    margin-top: 20px;\\n\\","    text-align: center;\\n\\","}\\n\\","</style>\\n\\","<style>\\n\\","/*csslint\\n\\","*/\\n\\","textarea {\\n\\","    font-family: monospace;\\n\\","    height: 10rem;\\n\\","    width: 100%;\\n\\","}\\n\\","textarea[readonly] {\\n\\","    background: #ddd;\\n\\","}\\n\\","</style>\\n\\","</head>\\n\\","<body>\\n\\","<!-- utility2-comment\\n\\","<div id=\"ajaxProgressDiv1\" style=\"background: #d00; height: 2px; left: 0; margin: 0; padding: 0; position: fixed; top: 0; transition: background 0.5s, width 1.5s; width: 25%;\"></div>\\n\\","utility2-comment -->\\n\\","<h1>\\n\\","<!-- utility2-comment\\n\\","    <a\\n\\","        {{#if env.npm_package_homepage}}\\n\\","        href=\"{{env.npm_package_homepage}}\"\\n\\","        {{/if env.npm_package_homepage}}\\n\\","        target=\"_blank\"\\n\\","    >\\n\\","utility2-comment -->\\n\\","        {{env.npm_package_name}} (v{{env.npm_package_version}})\\n\\","<!-- utility2-comment\\n\\","    </a>\\n\\","utility2-comment -->\\n\\","</h1>\\n\\","<h3>{{env.npm_package_description}}</h3>\\n\\","<!-- utility2-comment\\n\\","<h4><a download href=\"assets.app.js\">download standalone app</a></h4>\\n\\","<button class=\"onclick onreset\" id=\"testRunButton1\">run internal test</button><br>\\n\\","<div id=\"testReportDiv1\" style=\"display: none;\"></div>\\n\\","utility2-comment -->\\n\\","\\n\\","\\n\\","\\n\\","<label>stderr and stdout</label>\\n\\","<textarea class=\"resettable\" id=\"outputTextareaStdout1\" readonly></textarea>\\n\\","<!-- utility2-comment\\n\\","{{#if isRollup}}\\n\\","<script src=\"assets.app.js\"></script>\\n\\","{{#unless isRollup}}\\n\\","utility2-comment -->\\n\\","<script src=\"assets.utility2.rollup.js\"></script>\\n\\","<script src=\"jsonp.utility2._stateInit?callback=window.utility2._stateInit\"></script>\\n\\","<script src=\"assets.npmtest_array.rollup.js\"></script>\\n\\","<script src=\"assets.example.js\"></script>\\n\\","<script src=\"assets.test.js\"></script>\\n\\","<!-- utility2-comment\\n\\","{{/if isRollup}}\\n\\","utility2-comment -->\\n\\","<div class=\"utility2FooterDiv\">\\n\\","    [ this app was created with\\n\\","    <a href=\"https://github.com/kaizhu256/node-utility2\" target=\"_blank\">utility2</a>\\n\\","    ]\\n\\","</div>\\n\\","</body>\\n\\","</html>\\n\\","';","        /* jslint-ignore-end */","        if (local.templateRender) {","            local.assetsDict['/'] = local.templateRender(","                local.assetsDict['/assets.index.template.html'],","                {","                    env: local.objectSetDefault(local.env, {","                        npm_package_description: 'the greatest app in the world!',","                        npm_package_name: 'my-app',","                        npm_package_nameAlias: 'my_app',","                        npm_package_version: '0.0.1'","                    })","                }","            );","        } else {","            local.assetsDict['/'] = local.assetsDict['/assets.index.template.html']","                .replace((/\\{\\{env\\.(\\w+?)\\}\\}/g), function (match0, match1) {","                    // jslint-hack","                    String(match0);","                    switch (match1) {","                    case 'npm_package_description':","                        return 'the greatest app in the world!';","                    case 'npm_package_name':","                        return 'my-app';","                    case 'npm_package_nameAlias':","                        return 'my_app';","                    case 'npm_package_version':","                        return '0.0.1';","                    }","                });","        }","        // run the cli","        if (local.global.utility2_rollup || module !== require.main) {","            break;","        }","        local.assetsDict['/assets.example.js'] =","            local.assetsDict['/assets.example.js'] ||","            local.fs.readFileSync(__filename, 'utf8');","        local.assetsDict['/assets.npmtest_array.rollup.js'] =","            local.assetsDict['/assets.npmtest_array.rollup.js'] ||","            local.fs.readFileSync(","                // buildCustomOrg-hack","                local.npmtest_array.__dirname +","                    '/lib.npmtest_array.js',","                'utf8'","            ).replace((/^#!/), '//');","        local.assetsDict['/favicon.ico'] = local.assetsDict['/favicon.ico'] || '';","        // if $npm_config_timeout_exit exists,","        // then exit this process after $npm_config_timeout_exit ms","        if (Number(process.env.npm_config_timeout_exit)) {","            setTimeout(process.exit, Number(process.env.npm_config_timeout_exit));","        }","        // start server","        if (local.global.utility2_serverHttp1) {","            break;","        }","        process.env.PORT = process.env.PORT || '8081';","        console.error('server starting on port ' + process.env.PORT);","        local.http.createServer(function (request, response) {","            request.urlParsed = local.url.parse(request.url);","            if (local.assetsDict[request.urlParsed.pathname] !== undefined) {","                response.end(local.assetsDict[request.urlParsed.pathname]);","                return;","            }","            response.statusCode = 404;","            response.end();","        }).listen(process.env.PORT);","        break;","    }","}());",""],"l":{"26":2,"28":2,"33":2,"35":2,"37":2,"38":2,"39":2,"44":1,"51":2,"55":2,"59":2,"61":2,"69":1,"70":2,"76":2,"79":2,"82":2,"83":2,"85":1,"89":2,"92":1,"93":1,"94":1,"96":1,"97":1,"100":1,"101":1,"103":1,"106":1,"108":2,"114":1,"116":1,"118":1,"123":1,"124":2,"125":2,"126":2,"127":2,"128":2,"129":2,"130":1,"133":2,"134":2,"139":2,"143":1,"144":3,"145":1,"149":1,"150":1,"158":1,"160":1,"161":1,"162":1,"164":1,"166":1,"258":1,"259":1,"271":1,"274":6,"275":6,"277":1,"279":2,"281":1,"283":2,"288":1,"289":1,"291":1,"294":1,"302":1,"305":1,"306":1,"309":1,"310":1,"312":1,"313":1,"314":1,"315":1,"316":1,"317":1,"318":1,"320":1,"321":1,"323":1}},"/home/travis/build/npmtest/node-npmtest-array/node_modules/array/index.js":{"path":"/home/travis/build/npmtest/node-npmtest-array/node_modules/array/index.js","s":{"1":1},"b":{},"f":{},"fnMap":{},"statementMap":{"1":{"start":{"line":1,"column":0},"end":{"line":1,"column":40}}},"branchMap":{},"code":["module.exports = require('./lib/array');",""],"l":{"1":1}},"/home/travis/build/npmtest/node-npmtest-array/node_modules/array/lib/array.js":{"path":"/home/travis/build/npmtest/node-npmtest-array/node_modules/array/lib/array.js","s":{"1":1,"2":1,"3":1,"4":1,"5":1,"6":1,"7":1,"8":1,"9":0,"10":0,"11":0,"12":0,"13":0,"14":0,"15":0,"16":0,"17":0,"18":0,"19":0,"20":0,"21":0,"22":1,"23":1,"24":1,"25":0,"26":0,"27":0,"28":0,"29":1,"30":0,"31":0,"32":0,"33":0,"34":0,"35":1,"36":0,"37":0,"38":0,"39":0,"40":1,"41":0,"42":0,"43":0,"44":0,"45":0,"46":0,"47":0,"48":1,"49":0,"50":0,"51":0,"52":0,"53":0,"54":1,"55":0,"56":0,"57":0,"58":0,"59":1,"60":1,"61":0,"62":0,"63":0,"64":0,"65":1,"66":0,"67":0,"68":1,"69":0,"70":1,"71":0,"72":1,"73":1,"74":1,"75":4,"76":0,"77":1,"78":0,"79":0,"80":0,"81":0,"82":0,"83":1,"84":0},"b":{"1":[1,0],"2":[0,0],"3":[0,0],"4":[0,0],"5":[0,0],"6":[0,0],"7":[0,0],"8":[0,0],"9":[0,0]},"f":{"1":0,"2":0,"3":0,"4":0,"5":0,"6":0,"7":0,"8":0,"9":0,"10":0,"11":0,"12":0,"13":4,"14":0,"15":0,"16":0},"fnMap":{"1":{"name":"array","line":29,"loc":{"start":{"line":29,"column":0},"end":{"line":29,"column":20}}},"2":{"name":"(anonymous_2)","line":67,"loc":{"start":{"line":67,"column":22},"end":{"line":67,"column":33}}},"3":{"name":"(anonymous_3)","line":83,"loc":{"start":{"line":83,"column":23},"end":{"line":83,"column":34}}},"4":{"name":"(anonymous_4)","line":98,"loc":{"start":{"line":98,"column":24},"end":{"line":98,"column":35}}},"5":{"name":"(anonymous_5)","line":115,"loc":{"start":{"line":115,"column":25},"end":{"line":115,"column":41}}},"6":{"name":"(anonymous_6)","line":133,"loc":{"start":{"line":133,"column":26},"end":{"line":133,"column":37}}},"7":{"name":"(anonymous_7)","line":147,"loc":{"start":{"line":147,"column":26},"end":{"line":147,"column":38}}},"8":{"name":"(anonymous_8)","line":171,"loc":{"start":{"line":171,"column":23},"end":{"line":171,"column":35}}},"9":{"name":"(anonymous_9)","line":186,"loc":{"start":{"line":186,"column":25},"end":{"line":186,"column":36}}},"10":{"name":"(anonymous_10)","line":187,"loc":{"start":{"line":187,"column":18},"end":{"line":187,"column":32}}},"11":{"name":"(anonymous_11)","line":199,"loc":{"start":{"line":199,"column":27},"end":{"line":199,"column":38}}},"12":{"name":"(anonymous_12)","line":211,"loc":{"start":{"line":211,"column":12},"end":{"line":211,"column":26}}},"13":{"name":"(anonymous_13)","line":231,"loc":{"start":{"line":231,"column":16},"end":{"line":231,"column":33}}},"14":{"name":"(anonymous_14)","line":232,"loc":{"start":{"line":232,"column":28},"end":{"line":232,"column":39}}},"15":{"name":"(anonymous_15)","line":243,"loc":{"start":{"line":243,"column":26},"end":{"line":243,"column":40}}},"16":{"name":"isObjectLiteral","line":259,"loc":{"start":{"line":259,"column":0},"end":{"line":259,"column":30}}}},"statementMap":{"1":{"start":{"line":5,"column":0},"end":{"line":5,"column":41}},"2":{"start":{"line":6,"column":0},"end":{"line":6,"column":28}},"3":{"start":{"line":7,"column":0},"end":{"line":7,"column":50}},"4":{"start":{"line":9,"column":0},"end":{"line":13,"column":1}},"5":{"start":{"line":10,"column":2},"end":{"line":10,"column":35}},"6":{"start":{"line":12,"column":2},"end":{"line":12,"column":45}},"7":{"start":{"line":19,"column":0},"end":{"line":19,"column":23}},"8":{"start":{"line":29,"column":0},"end":{"line":46,"column":1}},"9":{"start":{"line":30,"column":2},"end":{"line":30,"column":53}},"10":{"start":{"line":30,"column":31},"end":{"line":30,"column":53}},"11":{"start":{"line":31,"column":2},"end":{"line":31,"column":18}},"12":{"start":{"line":33,"column":2},"end":{"line":45,"column":3}},"13":{"start":{"line":35,"column":4},"end":{"line":35,"column":39}},"14":{"start":{"line":36,"column":4},"end":{"line":36,"column":50}},"15":{"start":{"line":36,"column":33},"end":{"line":36,"column":50}},"16":{"start":{"line":37,"column":9},"end":{"line":45,"column":3}},"17":{"start":{"line":38,"column":4},"end":{"line":40,"column":5}},"18":{"start":{"line":39,"column":6},"end":{"line":39,"column":61}},"19":{"start":{"line":43,"column":4},"end":{"line":43,"column":68}},"20":{"start":{"line":43,"column":36},"end":{"line":43,"column":68}},"21":{"start":{"line":44,"column":4},"end":{"line":44,"column":15}},"22":{"start":{"line":52,"column":0},"end":{"line":52,"column":25}},"23":{"start":{"line":58,"column":0},"end":{"line":58,"column":28}},"24":{"start":{"line":67,"column":0},"end":{"line":72,"column":2}},"25":{"start":{"line":68,"column":2},"end":{"line":68,"column":45}},"26":{"start":{"line":69,"column":2},"end":{"line":69,"column":40}},"27":{"start":{"line":70,"column":2},"end":{"line":70,"column":22}},"28":{"start":{"line":71,"column":2},"end":{"line":71,"column":13}},"29":{"start":{"line":83,"column":0},"end":{"line":89,"column":2}},"30":{"start":{"line":84,"column":2},"end":{"line":85,"column":38}},"31":{"start":{"line":86,"column":2},"end":{"line":86,"column":91}},"32":{"start":{"line":86,"column":50},"end":{"line":86,"column":91}},"33":{"start":{"line":87,"column":2},"end":{"line":87,"column":22}},"34":{"start":{"line":88,"column":2},"end":{"line":88,"column":13}},"35":{"start":{"line":98,"column":0},"end":{"line":103,"column":2}},"36":{"start":{"line":99,"column":2},"end":{"line":99,"column":47}},"37":{"start":{"line":100,"column":2},"end":{"line":100,"column":30}},"38":{"start":{"line":101,"column":2},"end":{"line":101,"column":22}},"39":{"start":{"line":102,"column":2},"end":{"line":102,"column":13}},"40":{"start":{"line":115,"column":0},"end":{"line":122,"column":2}},"41":{"start":{"line":116,"column":2},"end":{"line":117,"column":42}},"42":{"start":{"line":118,"column":2},"end":{"line":118,"column":84}},"43":{"start":{"line":118,"column":49},"end":{"line":118,"column":84}},"44":{"start":{"line":119,"column":2},"end":{"line":119,"column":89}},"45":{"start":{"line":119,"column":51},"end":{"line":119,"column":89}},"46":{"start":{"line":120,"column":2},"end":{"line":120,"column":22}},"47":{"start":{"line":121,"column":2},"end":{"line":121,"column":13}},"48":{"start":{"line":133,"column":0},"end":{"line":139,"column":2}},"49":{"start":{"line":134,"column":2},"end":{"line":135,"column":38}},"50":{"start":{"line":136,"column":2},"end":{"line":136,"column":79}},"51":{"start":{"line":136,"column":50},"end":{"line":136,"column":79}},"52":{"start":{"line":137,"column":2},"end":{"line":137,"column":22}},"53":{"start":{"line":138,"column":2},"end":{"line":138,"column":13}},"54":{"start":{"line":147,"column":0},"end":{"line":152,"column":2}},"55":{"start":{"line":148,"column":2},"end":{"line":148,"column":49}},"56":{"start":{"line":149,"column":2},"end":{"line":149,"column":23}},"57":{"start":{"line":150,"column":2},"end":{"line":150,"column":22}},"58":{"start":{"line":151,"column":2},"end":{"line":151,"column":13}},"59":{"start":{"line":170,"column":0},"end":{"line":170,"column":32}},"60":{"start":{"line":171,"column":0},"end":{"line":176,"column":1}},"61":{"start":{"line":172,"column":2},"end":{"line":172,"column":40}},"62":{"start":{"line":173,"column":2},"end":{"line":173,"column":20}},"63":{"start":{"line":174,"column":2},"end":{"line":174,"column":22}},"64":{"start":{"line":175,"column":2},"end":{"line":175,"column":13}},"65":{"start":{"line":186,"column":0},"end":{"line":190,"column":1}},"66":{"start":{"line":187,"column":2},"end":{"line":189,"column":15}},"67":{"start":{"line":188,"column":4},"end":{"line":188,"column":45}},"68":{"start":{"line":199,"column":0},"end":{"line":201,"column":2}},"69":{"start":{"line":200,"column":2},"end":{"line":200,"column":32}},"70":{"start":{"line":211,"column":0},"end":{"line":213,"column":2}},"71":{"start":{"line":212,"column":2},"end":{"line":212,"column":13}},"72":{"start":{"line":223,"column":0},"end":{"line":223,"column":32}},"73":{"start":{"line":229,"column":0},"end":{"line":229,"column":54}},"74":{"start":{"line":231,"column":0},"end":{"line":235,"column":3}},"75":{"start":{"line":232,"column":2},"end":{"line":234,"column":4}},"76":{"start":{"line":233,"column":4},"end":{"line":233,"column":48}},"77":{"start":{"line":243,"column":0},"end":{"line":249,"column":2}},"78":{"start":{"line":244,"column":2},"end":{"line":244,"column":35}},"79":{"start":{"line":245,"column":2},"end":{"line":245,"column":71}},"80":{"start":{"line":246,"column":2},"end":{"line":246,"column":31}},"81":{"start":{"line":247,"column":2},"end":{"line":247,"column":36}},"82":{"start":{"line":248,"column":2},"end":{"line":248,"column":15}},"83":{"start":{"line":259,"column":0},"end":{"line":261,"column":1}},"84":{"start":{"line":260,"column":2},"end":{"line":260,"column":35}}},"branchMap":{"1":{"line":7,"type":"binary-expr","locations":[{"start":{"line":7,"column":14},"end":{"line":7,"column":27}},{"start":{"line":7,"column":31},"end":{"line":7,"column":49}}]},"2":{"line":30,"type":"if","locations":[{"start":{"line":30,"column":2},"end":{"line":30,"column":2}},{"start":{"line":30,"column":2},"end":{"line":30,"column":2}}]},"3":{"line":31,"type":"binary-expr","locations":[{"start":{"line":31,"column":8},"end":{"line":31,"column":11}},{"start":{"line":31,"column":15},"end":{"line":31,"column":17}}]},"4":{"line":33,"type":"if","locations":[{"start":{"line":33,"column":2},"end":{"line":33,"column":2}},{"start":{"line":33,"column":2},"end":{"line":33,"column":2}}]},"5":{"line":37,"type":"if","locations":[{"start":{"line":37,"column":9},"end":{"line":37,"column":9}},{"start":{"line":37,"column":9},"end":{"line":37,"column":9}}]},"6":{"line":38,"type":"if","locations":[{"start":{"line":38,"column":4},"end":{"line":38,"column":4}},{"start":{"line":38,"column":4},"end":{"line":38,"column":4}}]},"7":{"line":188,"type":"cond-expr","locations":[{"start":{"line":188,"column":26},"end":{"line":188,"column":38}},{"start":{"line":188,"column":41},"end":{"line":188,"column":44}}]},"8":{"line":245,"type":"cond-expr","locations":[{"start":{"line":245,"column":28},"end":{"line":245,"column":52}},{"start":{"line":245,"column":55},"end":{"line":245,"column":70}}]},"9":{"line":247,"type":"binary-expr","locations":[{"start":{"line":247,"column":14},"end":{"line":247,"column":22}},{"start":{"line":247,"column":26},"end":{"line":247,"column":35}}]}},"code":["/**"," * Module dependencies"," */","","var Enumerable = require('./enumerable');","var proto = Array.prototype;","var isArray = Array.isArray || require('isArray');","","try {","  var Emitter = require('emitter');","} catch(e) {","  var Emitter = require('emitter-component');","}","","/*"," * Expose `array`"," */","","module.exports = array;","","/**"," * Initialize `array`"," *"," * @param {Array|Object|Undefined} arr"," * @return {array}"," * @api public"," */","","function array(arr) {","  if(!(this instanceof array)) return new array(arr);","  arr = arr || [];","","  if (isArray(arr)) {","    // create array-like object","    var len = this.length = arr.length;","    for(var i = 0; i < len; i++) this[i] = arr[i];","  } else if ('object' == typeof arr) {","    if (isObjectLiteral(arr)) {","      arr._ctx = this._ctx = JSON.parse(JSON.stringify(arr));","    }","","    // mixin to another object","    for(var key in array.prototype) arr[key] = array.prototype[key];","    return arr;","  }","}","","/**"," * Mixin `Emitter`"," */","","Emitter(array.prototype);","","/**"," * Mixin `Enumerable`"," */","","Enumerable(array.prototype);","","/**"," * Removes the last element from an array and returns that element"," *"," * @return {Mixed} removed element"," * @api public"," */","","array.prototype.pop = function() {","  var ret = proto.pop.apply(this, arguments);","  this.emit('remove', ret, this.length);","  this.emit('change');","  return ret;","};","","/**"," * Push a value onto the end of the array,"," * returning the length of the array"," *"," * @param {Mixed, ...} elements"," * @return {Number}"," * @api public"," */","","array.prototype.push = function() {","  var ret = proto.push.apply(this, arguments),","      args = [].slice.call(arguments);","  for(var i = 0, len = args.length; i < len; i++) this.emit('add', args[i], ret - len + i);","  this.emit('change');","  return ret;","};","","/**"," * Removes the first element from an array and returns that element."," *"," * @return {Mixed}"," * @api public"," */","","array.prototype.shift = function() {","  var ret = proto.shift.apply(this, arguments);","  this.emit('remove', ret, 0);","  this.emit('change');","  return ret;","};","","/**"," * Adds and/or removes elements from an array."," *"," * @param {Number} index"," * @param {Number} howMany"," * @param {Mixed, ...} elements"," * @return {Array} removed elements"," * @api public"," */","","array.prototype.splice = function(index) {","  var ret = proto.splice.apply(this, arguments),","      added = [].slice.call(arguments, 2);","  for(var i = 0, len = ret.length; i < len; i++) this.emit('remove', ret[i], index);","  for(    i = 0, len = added.length; i < len; i++) this.emit('add', added[i], index + i);","  this.emit('change');","  return ret;","};","","/**"," * Adds one or more elements to the front of an array"," * and returns the new length of the array."," *"," * @param {Mixed, ...} elements"," * @return {Number} length"," * @api public"," */","","array.prototype.unshift = function() {","  var ret = proto.unshift.apply(this, arguments),","      args = [].slice.call(arguments);","  for(var i = 0, len = args.length; i < len; i++) this.emit('add', args[i], i);","  this.emit('change');","  return ret;","};","","/**"," * Reverses the array, emitting the `reverse` event"," *"," * @api public"," */","","array.prototype.reverse = function () {","  var ret = proto.reverse.apply(this, arguments);","  this.emit('reverse');","  this.emit('change');","  return ret;","};","","/**"," * Sort the array, emitting the `sort` event"," *"," * With strings:"," *"," *   fruits.sort('calories')"," *"," * Descending sort:"," *"," *   fruits.sort('calories', 'desc')"," *"," * @param {undefined|Function|String} fn"," * @param {Nunber|String|Boolean} dir"," * @return {Array}"," * @api public"," */","var sort = array.prototype.sort;","array.prototype.sort = function () {","  var ret = sort.apply(this, arguments);","  this.emit('sort');","  this.emit('change');","  return ret;","}","","","/**"," * toJSON"," *"," * @return {Object}"," * @api public"," */","","array.prototype.toJSON = function() {","  return this.map(function(obj) {","    return (obj.toJSON) ? obj.toJSON() : obj;","  }).toArray();","}","","/**"," * Convert the array-like object to an actual array"," *"," * @return {Array}"," * @api public"," */","","array.prototype.toArray  = function() {","  return proto.slice.call(this);","};","","/**"," * Static: get the array item"," *"," * @param {Mixed} obj"," * @return {Mixed}"," * @api public"," */","","array.get = function(obj) {","  return obj;","};","","/**"," * Get the array item"," *"," * @param {Number} i"," * @return {Mixed}"," * @api public"," */","","array.prototype.get = array.get;","","/**"," * Attach the rest of the array methods"," */","","var methods = ['toString', 'concat', 'join', 'slice'];","","methods.forEach(function(method) {","  array.prototype[method] = function() {","    return proto[method].apply(this, arguments);","  };","});","","/**"," * Remake the array, emptying it, then adding values back in"," *"," * @api private"," */","","array.prototype._remake = function(arr) {","  var construct = this.constructor;","  var clone = (this._ctx) ? new construct(this._ctx) : new construct();","  proto.push.apply(clone, arr);","  clone.get = this.get || array.get;","  return clone;","};","","/**"," * Is object utility"," *"," * @param {Mixed} obj"," * @return {Boolean}"," * @api private"," */","","function isObjectLiteral(obj) {","  return obj.constructor == Object;","}",""],"l":{"5":1,"6":1,"7":1,"9":1,"10":1,"12":1,"19":1,"29":1,"30":0,"31":0,"33":0,"35":0,"36":0,"37":0,"38":0,"39":0,"43":0,"44":0,"52":1,"58":1,"67":1,"68":0,"69":0,"70":0,"71":0,"83":1,"84":0,"86":0,"87":0,"88":0,"98":1,"99":0,"100":0,"101":0,"102":0,"115":1,"116":0,"118":0,"119":0,"120":0,"121":0,"133":1,"134":0,"136":0,"137":0,"138":0,"147":1,"148":0,"149":0,"150":0,"151":0,"170":1,"171":1,"172":0,"173":0,"174":0,"175":0,"186":1,"187":0,"188":0,"199":1,"200":0,"211":1,"212":0,"223":1,"229":1,"231":1,"232":4,"233":0,"243":1,"244":0,"245":0,"246":0,"247":0,"248":0,"259":1,"260":0}},"/home/travis/build/npmtest/node-npmtest-array/node_modules/array/lib/enumerable.js":{"path":"/home/travis/build/npmtest/node-npmtest-array/node_modules/array/lib/enumerable.js","s":{"1":1,"2":1,"3":1,"4":27,"5":1,"6":1,"7":0,"8":0,"9":0,"10":0,"11":1,"12":0,"13":0,"14":0,"15":0,"16":0,"17":1,"18":0,"19":0,"20":0,"21":0,"22":0,"23":0,"24":0,"25":1,"26":0,"27":0,"28":0,"29":0,"30":0,"31":0,"32":0,"33":0,"34":0,"35":0,"36":1,"37":0,"38":0,"39":0,"40":0,"41":0,"42":0,"43":0,"44":0,"45":0,"46":0,"47":0,"48":0,"49":0,"50":1,"51":0,"52":1,"53":0,"54":0,"55":0,"56":0,"57":0,"58":0,"59":1,"60":0,"61":0,"62":0,"63":0,"64":0,"65":1,"66":0,"67":0,"68":0,"69":0,"70":0,"71":0,"72":0,"73":1,"74":0,"75":0,"76":0,"77":0,"78":0,"79":0,"80":0,"81":1,"82":0,"83":0,"84":0,"85":0,"86":0,"87":0,"88":0,"89":1,"90":0,"91":0,"92":0,"93":0,"94":0,"95":0,"96":0,"97":0,"98":0,"99":1,"100":0,"101":0,"102":0,"103":0,"104":0,"105":0,"106":1,"107":0,"108":0,"109":0,"110":0,"111":0,"112":0,"113":1,"114":0,"115":1,"116":0,"117":0,"118":0,"119":0,"120":0,"121":1,"122":0,"123":0,"124":0,"125":0,"126":0,"127":0,"128":0,"129":0,"130":0,"131":0,"132":1,"133":0,"134":0,"135":0,"136":0,"137":0,"138":0,"139":0,"140":0,"141":0,"142":0,"143":1,"144":0,"145":0,"146":0,"147":0,"148":0,"149":0,"150":0,"151":0,"152":1,"153":0,"154":0,"155":0,"156":0,"157":0,"158":0,"159":0,"160":0,"161":1,"162":0,"163":0,"164":0,"165":0,"166":0,"167":0,"168":0,"169":0,"170":0,"171":1,"172":0,"173":0,"174":0,"175":0,"176":0,"177":0,"178":0,"179":0,"180":0,"181":1,"182":0,"183":0,"184":0,"185":0,"186":0,"187":0,"188":0,"189":1,"190":0,"191":0,"192":0,"193":0,"194":0,"195":0,"196":0,"197":0,"198":0,"199":0,"200":0,"201":0,"202":0,"203":0,"204":0,"205":1,"206":0,"207":0,"208":0,"209":0,"210":0,"211":0,"212":0},"b":{"1":[0,0],"2":[0,0],"3":[0,0],"4":[0,0],"5":[0,0],"6":[0,0],"7":[0,0],"8":[0,0],"9":[0,0],"10":[0,0],"11":[0,0],"12":[0,0],"13":[0,0],"14":[0,0],"15":[0,0],"16":[0,0],"17":[0,0],"18":[0,0],"19":[0,0],"20":[0,0],"21":[0,0],"22":[0,0],"23":[0,0],"24":[0,0],"25":[0,0],"26":[0,0],"27":[0,0],"28":[0,0],"29":[0,0],"30":[0,0],"31":[0,0],"32":[0,0],"33":[0,0],"34":[0,0],"35":[0,0],"36":[0,0],"37":[0,0],"38":[0,0],"39":[0,0],"40":[0,0]},"f":{"1":1,"2":0,"3":0,"4":0,"5":0,"6":0,"7":0,"8":0,"9":0,"10":0,"11":0,"12":0,"13":0,"14":0,"15":0,"16":0,"17":0,"18":0,"19":0,"20":0,"21":0,"22":0,"23":0,"24":0,"25":0,"26":0,"27":0},"fnMap":{"1":{"name":"(anonymous_1)","line":20,"loc":{"start":{"line":20,"column":17},"end":{"line":20,"column":31}}},"2":{"name":"(anonymous_2)","line":38,"loc":{"start":{"line":38,"column":18},"end":{"line":38,"column":30}}},"3":{"name":"(anonymous_3)","line":67,"loc":{"start":{"line":67,"column":17},"end":{"line":67,"column":29}}},"4":{"name":"(anonymous_4)","line":97,"loc":{"start":{"line":97,"column":20},"end":{"line":97,"column":32}}},"5":{"name":"(anonymous_5)","line":122,"loc":{"start":{"line":122,"column":20},"end":{"line":122,"column":32}}},"6":{"name":"(anonymous_6)","line":129,"loc":{"start":{"line":129,"column":31},"end":{"line":129,"column":43}}},"7":{"name":"(anonymous_7)","line":164,"loc":{"start":{"line":164,"column":20},"end":{"line":164,"column":32}}},"8":{"name":"(anonymous_8)","line":197,"loc":{"start":{"line":197,"column":21},"end":{"line":197,"column":31}}},"9":{"name":"(anonymous_9)","line":218,"loc":{"start":{"line":218,"column":18},"end":{"line":218,"column":30}}},"10":{"name":"(anonymous_10)","line":243,"loc":{"start":{"line":243,"column":22},"end":{"line":243,"column":36}}},"11":{"name":"(anonymous_11)","line":267,"loc":{"start":{"line":267,"column":19},"end":{"line":267,"column":31}}},"12":{"name":"(anonymous_12)","line":294,"loc":{"start":{"line":294,"column":18},"end":{"line":294,"column":30}}},"13":{"name":"(anonymous_13)","line":321,"loc":{"start":{"line":321,"column":17},"end":{"line":321,"column":29}}},"14":{"name":"(anonymous_14)","line":346,"loc":{"start":{"line":346,"column":19},"end":{"line":346,"column":31}}},"15":{"name":"(anonymous_15)","line":370,"loc":{"start":{"line":370,"column":21},"end":{"line":370,"column":35}}},"16":{"name":"(anonymous_16)","line":391,"loc":{"start":{"line":391,"column":25},"end":{"line":391,"column":39}}},"17":{"name":"(anonymous_17)","line":412,"loc":{"start":{"line":412,"column":17},"end":{"line":412,"column":31}}},"18":{"name":"(anonymous_18)","line":427,"loc":{"start":{"line":427,"column":20},"end":{"line":427,"column":38}}},"19":{"name":"(anonymous_19)","line":467,"loc":{"start":{"line":467,"column":17},"end":{"line":467,"column":29}}},"20":{"name":"(anonymous_20)","line":512,"loc":{"start":{"line":512,"column":17},"end":{"line":512,"column":29}}},"21":{"name":"(anonymous_21)","line":557,"loc":{"start":{"line":557,"column":17},"end":{"line":557,"column":29}}},"22":{"name":"(anonymous_22)","line":600,"loc":{"start":{"line":600,"column":18},"end":{"line":600,"column":30}}},"23":{"name":"(anonymous_23)","line":628,"loc":{"start":{"line":628,"column":19},"end":{"line":628,"column":31}}},"24":{"name":"(anonymous_24)","line":653,"loc":{"start":{"line":653,"column":18},"end":{"line":653,"column":29}}},"25":{"name":"(anonymous_25)","line":678,"loc":{"start":{"line":678,"column":18},"end":{"line":678,"column":32}}},"26":{"name":"(anonymous_26)","line":711,"loc":{"start":{"line":711,"column":18},"end":{"line":711,"column":36}}},"27":{"name":"compare","line":728,"loc":{"start":{"line":728,"column":2},"end":{"line":728,"column":25}}}},"statementMap":{"1":{"start":{"line":5,"column":0},"end":{"line":7,"column":20}},"2":{"start":{"line":20,"column":0},"end":{"line":23,"column":2}},"3":{"start":{"line":21,"column":2},"end":{"line":21,"column":56}},"4":{"start":{"line":21,"column":29},"end":{"line":21,"column":56}},"5":{"start":{"line":22,"column":2},"end":{"line":22,"column":13}},"6":{"start":{"line":37,"column":0},"end":{"line":47,"column":2}},"7":{"start":{"line":39,"column":2},"end":{"line":40,"column":23}},"8":{"start":{"line":42,"column":2},"end":{"line":44,"column":3}},"9":{"start":{"line":43,"column":4},"end":{"line":43,"column":18}},"10":{"start":{"line":46,"column":2},"end":{"line":46,"column":14}},"11":{"start":{"line":67,"column":0},"end":{"line":78,"column":2}},"12":{"start":{"line":68,"column":2},"end":{"line":68,"column":22}},"13":{"start":{"line":69,"column":2},"end":{"line":71,"column":23}},"14":{"start":{"line":73,"column":2},"end":{"line":75,"column":3}},"15":{"start":{"line":74,"column":4},"end":{"line":74,"column":37}},"16":{"start":{"line":77,"column":2},"end":{"line":77,"column":27}},"17":{"start":{"line":96,"column":0},"end":{"line":110,"column":2}},"18":{"start":{"line":98,"column":2},"end":{"line":98,"column":22}},"19":{"start":{"line":99,"column":2},"end":{"line":102,"column":10}},"20":{"start":{"line":104,"column":2},"end":{"line":107,"column":3}},"21":{"start":{"line":105,"column":4},"end":{"line":105,"column":26}},"22":{"start":{"line":106,"column":4},"end":{"line":106,"column":37}},"23":{"start":{"line":106,"column":20},"end":{"line":106,"column":37}},"24":{"start":{"line":109,"column":2},"end":{"line":109,"column":27}},"25":{"start":{"line":122,"column":0},"end":{"line":139,"column":2}},"26":{"start":{"line":123,"column":2},"end":{"line":127,"column":10}},"27":{"start":{"line":129,"column":2},"end":{"line":129,"column":57}},"28":{"start":{"line":129,"column":45},"end":{"line":129,"column":54}},"29":{"start":{"line":131,"column":2},"end":{"line":136,"column":3}},"30":{"start":{"line":132,"column":4},"end":{"line":132,"column":30}},"31":{"start":{"line":133,"column":4},"end":{"line":133,"column":37}},"32":{"start":{"line":133,"column":28},"end":{"line":133,"column":37}},"33":{"start":{"line":134,"column":4},"end":{"line":134,"column":19}},"34":{"start":{"line":135,"column":4},"end":{"line":135,"column":21}},"35":{"start":{"line":138,"column":2},"end":{"line":138,"column":27}},"36":{"start":{"line":164,"column":0},"end":{"line":184,"column":2}},"37":{"start":{"line":165,"column":2},"end":{"line":168,"column":13}},"38":{"start":{"line":170,"column":2},"end":{"line":170,"column":49}},"39":{"start":{"line":170,"column":29},"end":{"line":170,"column":49}},"40":{"start":{"line":171,"column":2},"end":{"line":181,"column":3}},"41":{"start":{"line":172,"column":4},"end":{"line":175,"column":5}},"42":{"start":{"line":173,"column":6},"end":{"line":173,"column":28}},"43":{"start":{"line":174,"column":6},"end":{"line":174,"column":40}},"44":{"start":{"line":174,"column":23},"end":{"line":174,"column":40}},"45":{"start":{"line":177,"column":4},"end":{"line":180,"column":5}},"46":{"start":{"line":178,"column":6},"end":{"line":178,"column":28}},"47":{"start":{"line":179,"column":6},"end":{"line":179,"column":38}},"48":{"start":{"line":179,"column":21},"end":{"line":179,"column":38}},"49":{"start":{"line":183,"column":2},"end":{"line":183,"column":27}},"50":{"start":{"line":197,"column":0},"end":{"line":199,"column":2}},"51":{"start":{"line":198,"column":2},"end":{"line":198,"column":27}},"52":{"start":{"line":218,"column":0},"end":{"line":228,"column":2}},"53":{"start":{"line":219,"column":2},"end":{"line":219,"column":22}},"54":{"start":{"line":220,"column":2},"end":{"line":222,"column":10}},"55":{"start":{"line":224,"column":2},"end":{"line":227,"column":3}},"56":{"start":{"line":225,"column":4},"end":{"line":225,"column":26}},"57":{"start":{"line":226,"column":4},"end":{"line":226,"column":34}},"58":{"start":{"line":226,"column":20},"end":{"line":226,"column":34}},"59":{"start":{"line":243,"column":0},"end":{"line":249,"column":2}},"60":{"start":{"line":244,"column":4},"end":{"line":244,"column":24}},"61":{"start":{"line":245,"column":2},"end":{"line":246,"column":17}},"62":{"start":{"line":248,"column":2},"end":{"line":248,"column":55}},"63":{"start":{"line":248,"column":13},"end":{"line":248,"column":55}},"64":{"start":{"line":248,"column":41},"end":{"line":248,"column":55}},"65":{"start":{"line":267,"column":0},"end":{"line":279,"column":2}},"66":{"start":{"line":268,"column":2},"end":{"line":268,"column":22}},"67":{"start":{"line":269,"column":2},"end":{"line":271,"column":10}},"68":{"start":{"line":273,"column":2},"end":{"line":276,"column":3}},"69":{"start":{"line":274,"column":4},"end":{"line":274,"column":26}},"70":{"start":{"line":275,"column":4},"end":{"line":275,"column":34}},"71":{"start":{"line":275,"column":21},"end":{"line":275,"column":34}},"72":{"start":{"line":278,"column":2},"end":{"line":278,"column":14}},"73":{"start":{"line":294,"column":0},"end":{"line":305,"column":2}},"74":{"start":{"line":295,"column":2},"end":{"line":295,"column":22}},"75":{"start":{"line":296,"column":2},"end":{"line":298,"column":10}},"76":{"start":{"line":300,"column":2},"end":{"line":303,"column":3}},"77":{"start":{"line":301,"column":4},"end":{"line":301,"column":26}},"78":{"start":{"line":302,"column":4},"end":{"line":302,"column":33}},"79":{"start":{"line":302,"column":20},"end":{"line":302,"column":33}},"80":{"start":{"line":304,"column":2},"end":{"line":304,"column":14}},"81":{"start":{"line":321,"column":0},"end":{"line":332,"column":2}},"82":{"start":{"line":322,"column":2},"end":{"line":322,"column":22}},"83":{"start":{"line":323,"column":2},"end":{"line":325,"column":10}},"84":{"start":{"line":327,"column":2},"end":{"line":330,"column":3}},"85":{"start":{"line":328,"column":4},"end":{"line":328,"column":26}},"86":{"start":{"line":329,"column":4},"end":{"line":329,"column":32}},"87":{"start":{"line":329,"column":20},"end":{"line":329,"column":32}},"88":{"start":{"line":331,"column":2},"end":{"line":331,"column":15}},"89":{"start":{"line":346,"column":0},"end":{"line":360,"column":2}},"90":{"start":{"line":347,"column":2},"end":{"line":347,"column":22}},"91":{"start":{"line":348,"column":2},"end":{"line":351,"column":10}},"92":{"start":{"line":353,"column":2},"end":{"line":353,"column":21}},"93":{"start":{"line":353,"column":10},"end":{"line":353,"column":21}},"94":{"start":{"line":355,"column":2},"end":{"line":358,"column":3}},"95":{"start":{"line":356,"column":4},"end":{"line":356,"column":26}},"96":{"start":{"line":357,"column":4},"end":{"line":357,"column":24}},"97":{"start":{"line":357,"column":20},"end":{"line":357,"column":24}},"98":{"start":{"line":359,"column":2},"end":{"line":359,"column":11}},"99":{"start":{"line":370,"column":0},"end":{"line":381,"column":2}},"100":{"start":{"line":371,"column":2},"end":{"line":373,"column":10}},"101":{"start":{"line":375,"column":2},"end":{"line":378,"column":3}},"102":{"start":{"line":376,"column":4},"end":{"line":376,"column":26}},"103":{"start":{"line":377,"column":4},"end":{"line":377,"column":30}},"104":{"start":{"line":377,"column":21},"end":{"line":377,"column":30}},"105":{"start":{"line":380,"column":2},"end":{"line":380,"column":12}},"106":{"start":{"line":391,"column":0},"end":{"line":402,"column":2}},"107":{"start":{"line":392,"column":2},"end":{"line":394,"column":10}},"108":{"start":{"line":396,"column":2},"end":{"line":399,"column":3}},"109":{"start":{"line":397,"column":4},"end":{"line":397,"column":26}},"110":{"start":{"line":398,"column":4},"end":{"line":398,"column":30}},"111":{"start":{"line":398,"column":21},"end":{"line":398,"column":30}},"112":{"start":{"line":401,"column":2},"end":{"line":401,"column":12}},"113":{"start":{"line":412,"column":0},"end":{"line":414,"column":2}},"114":{"start":{"line":413,"column":2},"end":{"line":413,"column":31}},"115":{"start":{"line":427,"column":0},"end":{"line":442,"column":2}},"116":{"start":{"line":428,"column":2},"end":{"line":431,"column":10}},"117":{"start":{"line":433,"column":2},"end":{"line":435,"column":11}},"118":{"start":{"line":437,"column":2},"end":{"line":439,"column":3}},"119":{"start":{"line":438,"column":4},"end":{"line":438,"column":38}},"120":{"start":{"line":441,"column":2},"end":{"line":441,"column":13}},"121":{"start":{"line":467,"column":0},"end":{"line":488,"column":2}},"122":{"start":{"line":468,"column":2},"end":{"line":472,"column":13}},"123":{"start":{"line":474,"column":2},"end":{"line":485,"column":3}},"124":{"start":{"line":475,"column":4},"end":{"line":475,"column":24}},"125":{"start":{"line":476,"column":4},"end":{"line":479,"column":5}},"126":{"start":{"line":477,"column":6},"end":{"line":477,"column":33}}
[...]
},{"start":{"line":357,"column":4},"end":{"line":357,"column":4}}]},"15":{"line":377,"type":"if","locations":[{"start":{"line":377,"column":4},"end":{"line":377,"column":4}},{"start":{"line":377,"column":4},"end":{"line":377,"column":4}}]},"16":{"line":398,"type":"if","locations":[{"start":{"line":398,"column":4},"end":{"line":398,"column":4}},{"start":{"line":398,"column":4},"end":{"line":398,"column":4}}]},"17":{"line":433,"type":"cond-expr","locations":[{"start":{"line":434,"column":6},"end":{"line":434,"column":18}},{"start":{"line":435,"column":6},"end":{"line":435,"column":10}}]},"18":{"line":474,"type":"if","locations":[{"start":{"line":474,"column":2},"end":{"line":474,"column":2}},{"start":{"line":474,"column":2},"end":{"line":474,"column":2}}]},"19":{"line":478,"type":"cond-expr","locations":[{"start":{"line":478,"column":22},"end":{"line":478,"column":23}},{"start":{"line":478,"column":26},"end":{"line":478,"column":29}}]},"20":{"line":483,"type":"cond-expr","locations":[{"start":{"line":483,"column":22},"end":{"line":483,"column":23}},{"start":{"line":483,"column":26},"end":{"line":483,"column":29}}]},"21":{"line":519,"type":"if","locations":[{"start":{"line":519,"column":2},"end":{"line":519,"column":2}},{"start":{"line":519,"column":2},"end":{"line":519,"column":2}}]},"22":{"line":523,"type":"cond-expr","locations":[{"start":{"line":523,"column":22},"end":{"line":523,"column":23}},{"start":{"line":523,"column":26},"end":{"line":523,"column":29}}]},"23":{"line":528,"type":"cond-expr","locations":[{"start":{"line":528,"column":22},"end":{"line":528,"column":23}},{"start":{"line":528,"column":26},"end":{"line":528,"column":29}}]},"24":{"line":563,"type":"if","locations":[{"start":{"line":563,"column":2},"end":{"line":563,"column":2}},{"start":{"line":563,"column":2},"end":{"line":563,"column":2}}]},"25":{"line":606,"type":"if","locations":[{"start":{"line":606,"column":2},"end":{"line":606,"column":2}},{"start":{"line":606,"column":2},"end":{"line":606,"column":2}}]},"26":{"line":631,"type":"if","locations":[{"start":{"line":631,"column":2},"end":{"line":631,"column":2}},{"start":{"line":631,"column":2},"end":{"line":631,"column":2}}]},"27":{"line":632,"type":"if","locations":[{"start":{"line":632,"column":7},"end":{"line":632,"column":7}},{"start":{"line":632,"column":7},"end":{"line":632,"column":7}}]},"28":{"line":657,"type":"if","locations":[{"start":{"line":657,"column":2},"end":{"line":657,"column":2}},{"start":{"line":657,"column":2},"end":{"line":657,"column":2}}]},"29":{"line":658,"type":"if","locations":[{"start":{"line":658,"column":7},"end":{"line":658,"column":7}},{"start":{"line":658,"column":7},"end":{"line":658,"column":7}}]},"30":{"line":687,"type":"if","locations":[{"start":{"line":687,"column":4},"end":{"line":687,"column":4}},{"start":{"line":687,"column":4},"end":{"line":687,"column":4}}]},"31":{"line":712,"type":"cond-expr","locations":[{"start":{"line":712,"column":30},"end":{"line":712,"column":33}},{"start":{"line":712,"column":36},"end":{"line":712,"column":37}}]},"32":{"line":714,"type":"if","locations":[{"start":{"line":714,"column":2},"end":{"line":714,"column":2}},{"start":{"line":714,"column":2},"end":{"line":714,"column":2}}]},"33":{"line":715,"type":"if","locations":[{"start":{"line":715,"column":7},"end":{"line":715,"column":7}},{"start":{"line":715,"column":7},"end":{"line":715,"column":7}}]},"34":{"line":721,"type":"if","locations":[{"start":{"line":721,"column":2},"end":{"line":721,"column":2}},{"start":{"line":721,"column":2},"end":{"line":721,"column":2}}]},"35":{"line":722,"type":"if","locations":[{"start":{"line":722,"column":4},"end":{"line":722,"column":4}},{"start":{"line":722,"column":4},"end":{"line":722,"column":4}}]},"36":{"line":723,"type":"if","locations":[{"start":{"line":723,"column":9},"end":{"line":723,"column":9}},{"start":{"line":723,"column":9},"end":{"line":723,"column":9}}]},"37":{"line":724,"type":"if","locations":[{"start":{"line":724,"column":9},"end":{"line":724,"column":9}},{"start":{"line":724,"column":9},"end":{"line":724,"column":9}}]},"38":{"line":725,"type":"cond-expr","locations":[{"start":{"line":725,"column":18},"end":{"line":725,"column":19}},{"start":{"line":725,"column":22},"end":{"line":725,"column":24}}]},"39":{"line":730,"type":"if","locations":[{"start":{"line":730,"column":4},"end":{"line":730,"column":4}},{"start":{"line":730,"column":4},"end":{"line":730,"column":4}}]},"40":{"line":731,"type":"if","locations":[{"start":{"line":731,"column":9},"end":{"line":731,"column":9}},{"start":{"line":731,"column":9},"end":{"line":731,"column":9}}]}},"code":["/**"," * Module Dependencies"," */","","var toFunction = require('to-function'),","    proto = Array.prototype,","    enumerable = {};","","/**"," * Mixin to `obj`."," *"," *    var Enumerable = require('enumerable');"," *    Enumerable(Something.prototype);"," *"," * @param {Object} obj"," * @return {Object} obj"," * @api private"," */","","module.exports = function(obj) {","  for(var key in enumerable) obj[key] = enumerable[key];","  return obj;","};","","/**"," * Iterate each value and invoke `fn(val, i)`."," *"," *    users.each(function(val, i){"," *"," *    })"," *"," * @param {Function} fn"," * @return {Object} self"," * @api public"," */","","enumerable.forEach =","enumerable.each = function(fn){","  var arr = this,","      len = arr.length;","","  for (var i = 0; i < len; i++) {","    fn(arr[i], i);","  }","","  return this;","};","","/**"," * Map each return value from `fn(val, i)`."," *"," * Passing a callback function:"," *"," *    users.map(function(user){"," *      return user.name.first"," *    })"," *"," * Passing a property string:"," *"," *    users.map('name.first')"," *"," * @param {Function} fn"," * @return {Enumerable}"," * @api public"," */","","enumerable.map = function(fn){","  fn = toFunction(fn);","  var out = [],","      arr = this,","      len = arr.length;","","  for (var i = 0; i < len; ++i) {","    out.push(fn(arr.get(arr[i]), i));","  }","","  return this._remake(out);","};","","/**"," * Select all values that return a truthy value of `fn(val, i)`."," *"," *    users.select(function(user){"," *      return user.age > 20"," *    })"," *"," *  With a property:"," *"," *    items.select('complete')"," *"," * @param {Function|String} fn"," * @return {Enumerable}"," * @api public"," */","","enumerable.filter =","enumerable.select = function(fn){","  fn = toFunction(fn);","  var out = [],","      arr = this,","      len = arr.length,","      val;","","  for (var i = 0; i < len; ++i) {","    val = arr.get(arr[i]);","    if (fn(val, i)) out.push(arr[i]);","  }","","  return this._remake(out);","};","","/**"," * Select all unique values."," *"," *    nums.unique()"," *"," * @param {Function|String} fn"," * @return {Enumerable}"," * @api public"," */","","enumerable.unique = function(fn){","  var out = [],","      vals = [],","      arr = this,","      len = arr.length,","      val;","","  fn = (fn) ? toFunction(fn) : function(o) { return o; };","","  for (var i = 0; i < len; ++i) {","    val = fn(arr.get(arr[i]));","    if (~vals.indexOf(val)) continue;","    vals.push(val);","    out.push(arr[i]);","  }","","  return this._remake(out);","};","","/**"," * Reject all values that return a truthy value of `fn(val, i)`."," *"," * Rejecting using a callback:"," *"," *    users.reject(function(user){"," *      return user.age < 20"," *    })"," *"," * Rejecting with a property:"," *"," *    items.reject('complete')"," *"," * Rejecting values via `==`:"," *"," *    data.reject(null)"," *    users.reject(tobi)"," *"," * @param {Function|String|Mixed} fn"," * @return {Enumerable}"," * @api public"," */","","enumerable.reject = function(fn){","  var out = [],","      arr = this,","      len = arr.length,","      val, i;","","  if ('string' == typeof fn) fn = toFunction(fn);","  if (fn) {","    for (i = 0; i < len; ++i) {","      val = arr.get(arr[i]);","      if (!fn(val, i)) out.push(arr[i]);","    }","  } else {","    for (i = 0; i < len; ++i) {","      val = arr.get(arr[i]);","      if (val != fn) out.push(arr[i]);","    }","  }","","  return this._remake(out);","};","","/**"," * Reject `null` and `undefined`."," *"," *    [1, null, 5, undefined].compact()"," *    // => [1,5]"," *"," * @return {Enumerable}"," * @api public"," */","","","enumerable.compact = function(){","  return this.reject(null);","};","","/**"," * Return the first value when `fn(val, i)` is truthy,"," * otherwise return `undefined`."," *"," *    users.find(function(user){"," *      return user.role == 'admin'"," *    })"," *"," * With a property string:"," *"," *    users.find('age > 20')"," *"," * @param {Function|String} fn"," * @return {Mixed}"," * @api public"," */","","enumerable.find = function(fn){","  fn = toFunction(fn);","  var arr = this,","      len = arr.length,","      val;","","  for (var i = 0; i < len; ++i) {","    val = arr.get(arr[i]);","    if (fn(val, i)) return arr[i];","  }","};","","/**"," * Return the last value when `fn(val, i)` is truthy,"," * otherwise return `undefined`."," *"," *    users.findLast(function(user){"," *      return user.role == 'admin'"," *    })"," *"," * @param {Function} fn"," * @return {Mixed}"," * @api public"," */","","enumerable.findLast = function (fn) {","    fn = toFunction(fn);","  var arr = this,","  i = arr.length;","","  while(i--) if (fn(arr.get(arr[i]), i)) return arr[i];","};","","/**"," * Assert that all invocations of `fn(val, i)` are truthy."," *"," * For example ensuring that all pets are ferrets:"," *"," *    pets.all(function(pet){"," *      return pet.species == 'ferret'"," *    })"," *"," *    users.all('admin')"," *"," * @param {Function|String} fn"," * @return {Boolean}"," * @api public"," */","","enumerable.every = function(fn){","  fn = toFunction(fn);","  var arr = this,","      len = arr.length,","      val;","","  for (var i = 0; i < len; ++i) {","    val = arr.get(arr[i]);","    if (!fn(val, i)) return false;","  }","","  return true;","};","","/**"," * Assert that none of the invocations of `fn(val, i)` are truthy."," *"," * For example ensuring that no pets are admins:"," *"," *    pets.none(function(p){ return p.admin })"," *    pets.none('admin')"," *"," * @param {Function|String} fn"," * @return {Boolean}"," * @api public"," */","","enumerable.none = function(fn){","  fn = toFunction(fn);","  var arr = this,","      len = arr.length,","      val;","","  for (var i = 0; i < len; ++i) {","    val = arr.get(arr[i]);","    if (fn(val, i)) return false;","  }","  return true;","};","","/**"," * Assert that at least one invocation of `fn(val, i)` is truthy."," *"," * For example checking to see if any pets are ferrets:"," *"," *    pets.any(function(pet){"," *      return pet.species == 'ferret'"," *    })"," *"," * @param {Function} fn"," * @return {Boolean}"," * @api public"," */","","enumerable.any = function(fn){","  fn = toFunction(fn);","  var arr = this,","      len = arr.length,","      val;","","  for (var i = 0; i < len; ++i) {","    val = arr.get(arr[i]);","    if (fn(val, i)) return true;","  }","  return false;","};","","/**"," * Count the number of times `fn(val, i)` returns true."," *"," *    var n = pets.count(function(pet){"," *      return pet.species == 'ferret'"," *    })"," *"," * @param {Function} fn"," * @return {Number}"," * @api public"," */","","enumerable.count = function(fn){","  fn = toFunction(fn);","  var n = 0,","      arr = this,","      len = arr.length,","      val;","","  if(!fn) return len;","","  for (var i = 0; i < len; ++i) {","    val = arr.get(arr[i]);","    if (fn(val, i)) ++n;","  }","  return n;","};","","/**"," * Determine the indexof `obj` or return `-1`."," *"," * @param {Mixed} obj"," * @return {Number}"," * @api public"," */","","enumerable.indexOf = function(obj) {","  var arr = this,","      len = arr.length,","      val;","","  for (var i = 0; i < len; ++i) {","    val = arr.get(arr[i]);","    if (val === obj) return i;","  }","","  return -1;","};","","/**"," * Determine the last indexof `obj` or return `-1`."," *"," * @param {Mixed} obj"," * @return {Number}"," * @api public"," */","","enumerable.lastIndexOf = function(obj) {","  var arr = this,","      len = arr.length,","      val;","","  for (var i = --len; i >= 0; --i) {","    val = arr.get(arr[i]);","    if (val === obj) return i;","  }","","  return -1;","};","","/**"," * Check if `obj` is present in this enumerable."," *"," * @param {Mixed} obj"," * @return {Boolean}"," * @api public"," */","","enumerable.has = function(obj) {","  return !! ~this.indexOf(obj);","};","","/**"," * Reduce with `fn(accumulator, val, i)` using"," * optional `init` value defaulting to the first"," * enumerable value."," *"," * @param {Function} fn"," * @param {Mixed} [val]"," * @return {Mixed}"," * @api public"," */","","enumerable.reduce = function(fn, init){","  var arr = this,","      len = arr.length,","      i = 0,","      val;","","  val = null == init","    ? arr.get(i++)","    : init;","","  for (; i < len; ++i) {","    val = fn(val, arr.get(arr[i]), i);","  }","","  return val;","};","","","/**"," * Determine the max value."," *"," * With a callback function:"," *"," *    pets.max(function(pet){"," *      return pet.age"," *    })"," *"," * With property strings:"," *"," *    pets.max('age')"," *"," * With immediate values:"," *"," *    nums.max()"," *"," * @param {Function|String} fn"," * @return {Number}"," * @api public"," */","","enumerable.max = function(fn){","  var arr = this,","      len = arr.length,","      max = -Infinity,","      n = 0,","      val, i;","","  if (fn) {","    fn = toFunction(fn);","    for (i = 0; i < len; ++i) {","      n = fn(arr.get(arr[i]), i);","      max = n > max ? n : max;","    }","  } else {","    for (i = 0; i < len; ++i) {","      n = arr.get(arr[i]);","      max = n > max ? n : max;","    }","  }","","  return max;","};","","/**"," * Determine the min value."," *"," * With a callback function:"," *"," *    pets.min(function(pet){"," *      return pet.age"," *    })"," *"," * With property strings:"," *"," *    pets.min('age')"," *"," * With immediate values:"," *"," *    nums.min()"," *"," * @param {Function|String} fn"," * @return {Number}"," * @api public"," */","","enumerable.min = function(fn){","  var arr = this,","      len = arr.length,","      min = Infinity,","      n = 0,","      val, i;","","  if (fn) {","    fn = toFunction(fn);","    for (i = 0; i < len; ++i) {","      n = fn(arr.get(arr[i]), i);","      min = n < min ? n : min;","    }","  } else {","    for (i = 0; i < len; ++i) {","      n = arr.get(arr[i]);","      min = n < min ? n : min;","    }","  }","","  return min;","};","","/**"," * Determine the sum."," *"," * With a callback function:"," *"," *    pets.sum(function(pet){"," *      return pet.age"," *    })"," *"," * With property strings:"," *"," *    pets.sum('age')"," *"," * With immediate values:"," *"," *    nums.sum()"," *"," * @param {Function|String} fn"," * @return {Number}"," * @api public"," */","","enumerable.sum = function(fn){","  var arr = this,","      len = arr.length,","      n = 0,","      val, i;","","  if (fn) {","    fn = toFunction(fn);","    for (i = 0; i < len; ++i) {","      n += fn(arr.get(arr[i]), i);","    }","  } else {","    for (i = 0; i < len; ++i) {","      n += arr.get(arr[i]);","    }","  }","","  return n;","};","","/**"," * Determine the average value."," *"," * With a callback function:"," *"," *    pets.avg(function(pet){"," *      return pet.age"," *    })"," *"," * With property strings:"," *"," *    pets.avg('age')"," *"," * With immediate values:"," *"," *    nums.avg()"," *"," * @param {Function|String} fn"," * @return {Number}"," * @api public"," */","","enumerable.avg =","enumerable.mean = function(fn){","  var arr = this,","      len = arr.length,","      n = 0,","      val, i;","","  if (fn) {","    fn = toFunction(fn);","    for (i = 0; i < len; ++i) {","      n += fn(arr.get(arr[i]), i);","    }","  } else {","    for (i = 0; i < len; ++i) {","      n += arr.get(arr[i]);","    }","  }","","  return n / len;","};","","/**"," * Return the first value, or first `n` values."," *"," * @param {Number|Function} [n]"," * @return {Array|Mixed}"," * @api public"," */","","enumerable.first = function(n) {","  var arr = this;","","  if(!n) return arr[0];","  else if ('number' !== typeof n) return this.find(n);","","  var len = Math.min(n, arr.length),","      out = new Array(len);","","  for (var i = 0; i < len; ++i) {","    out[i] = arr[i];","  }","","  return out;","","};","","/**"," * Return the last value, or last `n` values."," *"," * @param {Number|Function} [n]"," * @return {Array|Mixed}"," * @api public"," */","","enumerable.last = function(n){","  var arr = this,","      len = arr.length;","","  if(!n) return arr[len - 1];","  else if ('number' !== typeof n) return this.findLast(n);","","  var i = Math.max(0, len - n),","      out = [];","","  for (; i < len; ++i) {","    out.push(arr[i]);","  }","","  return out;","};","","/**"," * Create a hash from a given `key`"," *"," * @param {String} key"," * @return {Object}"," * @api public"," */","","enumerable.hash = function(str) {","  var arr = this,","      len = arr.length,","      out = {},","      key;","","  for (var i = 0, len = arr.length; i < len; i++) {","    key = arr.get(arr[i])[str];","    // TODO: assess, maybe we want out[i] = arr.get(i)","    if(!key) continue;","    out[key] = arr[i];","  };","","  return out;","};","","/**"," * Sort the array."," *"," * With strings:"," *"," *   fruits.sort('calories')"," *"," * Descending sort:"," *"," *   fruits.sort('calories', 'desc')"," *"," * @param {undefined|Function|String} fn"," * @param {Nunber|String|Boolean} dir"," * @return {Array}"," * @api public"," */","","enumerable.sort = function(fn, dir) {","  dir = (dir !== undefined) ? dir : 1;","  var sort = proto.sort;","  if(!fn) return sort.apply(this);","  else if('function' == typeof fn) return sort.apply(this, arguments);","","  var self = this;","  fn = toFunction(fn);","","  // support ascending and descending directions","  if('string' == typeof dir) {","    if(/asc/.test(dir)) dir = 1;","    else if(/des/.test(dir)) dir = -1;","  } else if('boolean' == typeof dir) {","    dir = (dir) ? 1 : -1;","  }","","  function compare(a, b) {","    a = fn(self.get(a)), b = fn(self.get(b));","    if(a < b) return -(dir);","    else if(a > b) return dir;","    return 0","  };","","  return sort.call(this, compare);","};",""],"l":{"5":1,"20":1,"21":27,"22":1,"37":1,"39":0,"42":0,"43":0,"46":0,"67":1,"68":0,"69":0,"73":0,"74":0,"77":0,"96":1,"98":0,"99":0,"104":0,"105":0,"106":0,"109":0,"122":1,"123":0,"129":0,"131":0,"132":0,"133":0,"134":0,"135":0,"138":0,"164":1,"165":0,"170":0,"171":0,"172":0,"173":0,"174":0,"177":0,"178":0,"179":0,"183":0,"197":1,"198":0,"218":1,"219":0,"220":0,"224":0,"225":0,"226":0,"243":1,"244":0,"245":0,"248":0,"267":1,"268":0,"269":0,"273":0,"274":0,"275":0,"278":0,"294":1,"295":0,"296":0,"300":0,"301":0,"302":0,"304":0,"321":1,"322":0,"323":0,"327":0,"328":0,"329":0,"331":0,"346":1,"347":0,"348":0,"353":0,"355":0,"356":0,"357":0,"359":0,"370":1,"371":0,"375":0,"376":0,"377":0,"380":0,"391":1,"392":0,"396":0,"397":0,"398":0,"401":0,"412":1,"413":0,"427":1,"428":0,"433":0,"437":0,"438":0,"441":0,"467":1,"468":0,"474":0,"475":0,"476":0,"477":0,"478":0,"481":0,"482":0,"483":0,"487":0,"512":1,"513":0,"519":0,"520":0,"521":0,"522":0,"523":0,"526":0,"527":0,"528":0,"532":0,"557":1,"558":0,"563":0,"564":0,"565":0,"566":0,"569":0,"570":0,"574":0,"599":1,"601":0,"606":0,"607":0,"608":0,"609":0,"612":0,"613":0,"617":0,"628":1,"629":0,"631":0,"632":0,"634":0,"637":0,"638":0,"641":0,"653":1,"654":0,"657":0,"658":0,"660":0,"663":0,"664":0,"667":0,"678":1,"679":0,"684":0,"685":0,"687":0,"688":0,"691":0,"711":1,"712":0,"713":0,"714":0,"715":0,"717":0,"718":0,"721":0,"722":0,"723":0,"724":0,"725":0,"728":1,"729":0,"730":0,"731":0,"732":0,"735":0}}}